[2017-06-01 10:25:53.009] [DEBUG] app - GET /socket.io/?EIO=3&transport=polling&t=1496283949158-5
[2017-06-01 10:25:53.016] [DEBUG] app - GET /socket.io/?EIO=3&transport=polling&t=1496283951172-5
[2017-06-01 10:25:58.038] [DEBUG] app - GET /socket.io/?EIO=3&transport=polling&t=1496283958013-6
[2017-06-01 10:25:58.058] [DEBUG] app - GET /socket.io/?EIO=3&transport=polling&t=1496283958043-6
[2017-06-01 10:26:00.699] [DEBUG] app - GET /b328260e96a2de7642e7.hot-update.json
[2017-06-01 10:26:03.071] [DEBUG] app - GET /socket.io/?EIO=3&transport=polling&t=1496283963066-7
[2017-06-01 10:26:03.084] [DEBUG] app - GET /socket.io/?EIO=3&transport=polling&t=1496283963066-7
[2017-06-01 10:26:08.095] [DEBUG] app - GET /socket.io/?EIO=3&transport=polling&t=1496283968077-8
[2017-06-01 10:26:08.122] [DEBUG] app - GET /socket.io/?EIO=3&transport=polling&t=1496283968098-8
[2017-06-01 10:26:10.151] [DEBUG] app - GET /js/wxConfig.js
[2017-06-01 10:26:10.153] [DEBUG] app - GET /css/bigwoods.ui.mobile.css
[2017-06-01 10:26:10.156] [DEBUG] app - GET /js/bigwoods.ui.mobile.js
[2017-06-01 10:26:10.172] [DEBUG] app - GET /img/logo-index.png
[2017-06-01 10:26:10.405] [DEBUG] app - GET /maps/swiper.js.map
[2017-06-01 10:26:10.539] [DEBUG] app - GET /img/logo.png
[2017-06-01 10:26:10.581] [DEBUG] app - GET /img/banner02.jpg
[2017-06-01 10:26:10.583] [DEBUG] app - GET /img/banner03.jpg
[2017-06-01 10:26:10.601] [DEBUG] app - GET /img/banner01.jpg
[2017-06-01 10:26:10.650] [DEBUG] app - GET /img/favicon.ico
[2017-06-01 10:26:10.673] [DEBUG] app - GET /b328260e96a2de7642e7.hot-update.json
[2017-06-01 10:26:10.748] [DEBUG] app - GET /products/getListData
[2017-06-01 10:26:10.824] [DEBUG] app - GET /img/brush/maoshuagun.jpg
[2017-06-01 10:26:10.828] [DEBUG] app - GET /img/brush/futishua.png
[2017-06-01 10:26:10.842] [DEBUG] app - GET /img/brush/saolushua.jpg
[2017-06-01 10:26:10.845] [DEBUG] app - GET /img/brush/jiqirensaodishua.jpg
[2017-06-01 10:26:10.846] [DEBUG] app - GET /img/brush/mugongjixieshua.jpg
[2017-06-01 10:26:10.847] [DEBUG] app - GET /img/brush/moliaosi.jpg
[2017-06-01 10:26:10.856] [DEBUG] app - GET /img/carousel/001/1495173061094/1495173073171.jpeg
[2017-06-01 10:26:11.234] [INFO] weiXin.js - access_token未过期,查表获取jsapi_ticket成功
[2017-06-01 10:26:11.235] [ERROR] weiXin.js - kgt8ON7yVITDhtdwci0qeQwz2lhCIGDmNk37RU0VYuOJyDO2TOORaosDRQrU52qi4KZWPrnJk-M2LoePGr9mIA
[2017-06-01 10:26:11.236] [DEBUG] app - POST /wx/getSDKParams
[2017-06-01 10:26:13.133] [DEBUG] app - GET /socket.io/?EIO=3&transport=polling&t=1496283973125-9
[2017-06-01 10:26:13.156] [DEBUG] app - GET /socket.io/?EIO=3&transport=polling&t=1496283973140-9
[2017-06-01 10:26:18.148] [DEBUG] app - GET /socket.io/?EIO=3&transport=polling&t=1496283978140-10
[2017-06-01 10:26:18.176] [DEBUG] app - GET /socket.io/?EIO=3&transport=polling&t=1496283978164-10
[2017-06-01 10:26:23.166] [DEBUG] app - GET /socket.io/?EIO=3&transport=polling&t=1496283983154-11
[2017-06-01 10:26:23.205] [DEBUG] app - GET /socket.io/?EIO=3&transport=polling&t=1496283983185-11
[2017-06-01 10:26:28.825] [DEBUG] app - GET /socket.io/?EIO=3&transport=polling&t=1496283988810-12
[2017-06-01 10:26:28.850] [DEBUG] app - GET /socket.io/?EIO=3&transport=polling&t=1496283988840-12
[2017-06-01 10:26:34.822] [DEBUG] app - GET /socket.io/?EIO=3&transport=polling&t=1496283994810-13
[2017-06-01 10:26:34.824] [DEBUG] app - GET /socket.io/?EIO=3&transport=polling&t=1496283994811-13
[2017-06-01 10:26:40.815] [DEBUG] app - GET /socket.io/?EIO=3&transport=polling&t=1496284000808-14
[2017-06-01 10:26:40.821] [DEBUG] app - GET /socket.io/?EIO=3&transport=polling&t=1496284000808-14
[2017-06-01 10:26:46.812] [DEBUG] app - GET /socket.io/?EIO=3&transport=polling&t=1496284006807-15
[2017-06-01 10:26:46.817] [DEBUG] app - GET /socket.io/?EIO=3&transport=polling&t=1496284006808-15
[2017-06-01 10:26:52.814] [DEBUG] app - GET /socket.io/?EIO=3&transport=polling&t=1496284012808-16
[2017-06-01 10:26:53.813] [DEBUG] app - GET /socket.io/?EIO=3&transport=polling&t=1496284013808-16
[2017-06-01 10:26:59.819] [DEBUG] app - GET /socket.io/?EIO=3&transport=polling&t=1496284019811-17
[2017-06-01 10:26:59.823] [DEBUG] app - GET /socket.io/?EIO=3&transport=polling&t=1496284019812-17
[2017-06-01 10:27:05.823] [DEBUG] app - GET /socket.io/?EIO=3&transport=polling&t=1496284025811-18
[2017-06-01 10:27:05.832] [DEBUG] app - GET /socket.io/?EIO=3&transport=polling&t=1496284025816-18
[2017-06-01 10:27:11.813] [DEBUG] app - GET /socket.io/?EIO=3&transport=polling&t=1496284031807-19
[2017-06-01 10:27:11.819] [DEBUG] app - GET /socket.io/?EIO=3&transport=polling&t=1496284031808-19
[2017-06-01 10:27:17.825] [DEBUG] app - GET /socket.io/?EIO=3&transport=polling&t=1496284037810-20
[2017-06-01 10:27:17.828] [DEBUG] app - GET /socket.io/?EIO=3&transport=polling&t=1496284037814-20
[2017-06-01 10:27:23.822] [DEBUG] app - GET /socket.io/?EIO=3&transport=polling&t=1496284043807-21
[2017-06-01 10:27:23.829] [DEBUG] app - GET /socket.io/?EIO=3&transport=polling&t=1496284043809-21
[2017-06-01 10:27:29.813] [DEBUG] app - GET /socket.io/?EIO=3&transport=polling&t=1496284049808-22
[2017-06-01 10:27:29.816] [DEBUG] app - GET /socket.io/?EIO=3&transport=polling&t=1496284049808-22
[2017-06-01 10:27:35.814] [DEBUG] app - GET /socket.io/?EIO=3&transport=polling&t=1496284055807-23
[2017-06-01 10:27:35.816] [DEBUG] app - GET /socket.io/?EIO=3&transport=polling&t=1496284055808-23
[2017-06-01 10:27:41.820] [DEBUG] app - GET /socket.io/?EIO=3&transport=polling&t=1496284061809-24
[2017-06-01 10:27:41.823] [DEBUG] app - GET /socket.io/?EIO=3&transport=polling&t=1496284061810-24
[2017-06-01 10:27:47.811] [DEBUG] app - GET /socket.io/?EIO=3&transport=polling&t=1496284067810-25
[2017-06-01 10:27:47.811] [DEBUG] app - GET /socket.io/?EIO=3&transport=polling&t=1496284067811-25
[2017-06-01 10:27:54.817] [DEBUG] app - GET /socket.io/?EIO=3&transport=polling&t=1496284074808-26
[2017-06-01 10:27:54.821] [DEBUG] app - GET /socket.io/?EIO=3&transport=polling&t=1496284074809-26
[2017-06-01 10:28:00.830] [DEBUG] app - GET /socket.io/?EIO=3&transport=polling&t=1496284080813-27
[2017-06-01 10:28:00.845] [DEBUG] app - GET /socket.io/?EIO=3&transport=polling&t=1496284080819-27
[2017-06-01 10:28:06.811] [DEBUG] app - GET /socket.io/?EIO=3&transport=polling&t=1496284086809-28
[2017-06-01 10:28:06.811] [DEBUG] app - GET /socket.io/?EIO=3&transport=polling&t=1496284086810-28
[2017-06-01 10:28:13.826] [DEBUG] app - GET /socket.io/?EIO=3&transport=polling&t=1496284093816-29
[2017-06-01 10:28:13.829] [DEBUG] app - GET /socket.io/?EIO=3&transport=polling&t=1496284093819-29
[2017-06-01 10:28:19.825] [DEBUG] app - GET /socket.io/?EIO=3&transport=polling&t=1496284099809-30
[2017-06-01 10:28:19.831] [DEBUG] app - GET /socket.io/?EIO=3&transport=polling&t=1496284099811-30
[2017-06-01 10:28:26.836] [DEBUG] app - GET /socket.io/?EIO=3&transport=polling&t=1496284106812-31
[2017-06-01 10:28:26.838] [DEBUG] app - GET /socket.io/?EIO=3&transport=polling&t=1496284106819-31
[2017-06-01 10:28:32.813] [DEBUG] app - GET /socket.io/?EIO=3&transport=polling&t=1496284112809-32
[2017-06-01 10:28:32.817] [DEBUG] app - GET /socket.io/?EIO=3&transport=polling&t=1496284112809-32
[2017-06-01 10:28:39.817] [DEBUG] app - GET /socket.io/?EIO=3&transport=polling&t=1496284119808-33
[2017-06-01 10:28:39.818] [DEBUG] app - GET /socket.io/?EIO=3&transport=polling&t=1496284119809-33
[2017-06-01 10:28:45.812] [DEBUG] app - GET /socket.io/?EIO=3&transport=polling&t=1496284125811-34
[2017-06-01 10:28:45.812] [DEBUG] app - GET /socket.io/?EIO=3&transport=polling&t=1496284125811-34
[2017-06-01 10:28:51.816] [DEBUG] app - GET /socket.io/?EIO=3&transport=polling&t=1496284131815-35
[2017-06-01 10:28:51.831] [DEBUG] app - GET /socket.io/?EIO=3&transport=polling&t=1496284131815-35
[2017-06-01 10:28:58.811] [DEBUG] app - GET /socket.io/?EIO=3&transport=polling&t=1496284138811-36
[2017-06-01 10:28:58.811] [DEBUG] app - GET /socket.io/?EIO=3&transport=polling&t=1496284138811-36
[2017-06-01 10:29:05.811] [DEBUG] app - GET /socket.io/?EIO=3&transport=polling&t=1496284145810-37
[2017-06-01 10:29:05.811] [DEBUG] app - GET /socket.io/?EIO=3&transport=polling&t=1496284145810-37
[2017-06-01 10:29:12.829] [DEBUG] app - GET /socket.io/?EIO=3&transport=polling&t=1496284152813-38
[2017-06-01 10:29:12.829] [DEBUG] app - GET /socket.io/?EIO=3&transport=polling&t=1496284152813-38
[2017-06-01 10:29:19.815] [DEBUG] app - GET /socket.io/?EIO=3&transport=polling&t=1496284159814-39
[2017-06-01 10:29:19.815] [DEBUG] app - GET /socket.io/?EIO=3&transport=polling&t=1496284159814-39
[2017-06-01 10:29:26.811] [DEBUG] app - GET /socket.io/?EIO=3&transport=polling&t=1496284166811-40
[2017-06-01 10:29:26.811] [DEBUG] app - GET /socket.io/?EIO=3&transport=polling&t=1496284166811-40
[2017-06-01 10:29:40.964] [DEBUG] app - GET /socket.io/?EIO=3&transport=polling&t=1496284173810-41
[2017-06-01 10:29:40.970] [DEBUG] app - GET /socket.io/?EIO=3&transport=polling&t=1496284173811-41
[2017-06-01 10:29:46.834] [DEBUG] app - GET /socket.io/?EIO=3&transport=polling&t=1496284186819-42
[2017-06-01 10:29:46.849] [DEBUG] app - GET /socket.io/?EIO=3&transport=polling&t=1496284186819-42
[2017-06-01 10:29:51.858] [DEBUG] app - GET /230f6a84a389d9cdbf50.hot-update.json
[2017-06-01 10:29:51.863] [DEBUG] app - GET /b328260e96a2de7642e7.hot-update.json
[2017-06-01 10:29:52.822] [DEBUG] app - GET /socket.io/?EIO=3&transport=polling&t=1496284192809-43
[2017-06-01 10:29:52.831] [DEBUG] app - GET /socket.io/?EIO=3&transport=polling&t=1496284192825-43
[2017-06-01 10:29:59.345] [DEBUG] app - GET /css/bigwoods.ui.mobile.css
[2017-06-01 10:29:59.347] [DEBUG] app - GET /js/wxConfig.js
[2017-06-01 10:29:59.353] [DEBUG] app - GET /js/bigwoods.ui.mobile.js
[2017-06-01 10:29:59.496] [DEBUG] app - GET /img/logo-index.png
[2017-06-01 10:29:59.594] [DEBUG] app - GET /maps/swiper.js.map
[2017-06-01 10:29:59.626] [DEBUG] app - GET /img/logo.png
[2017-06-01 10:29:59.643] [DEBUG] app - GET /img/banner01.jpg
[2017-06-01 10:29:59.645] [DEBUG] app - GET /img/banner02.jpg
[2017-06-01 10:29:59.647] [DEBUG] app - GET /img/banner03.jpg
[2017-06-01 10:29:59.773] [DEBUG] app - GET /b328260e96a2de7642e7.hot-update.json
[2017-06-01 10:29:59.815] [DEBUG] app - GET /socket.io/?EIO=3&transport=polling&t=1496284199809-44
[2017-06-01 10:29:59.824] [DEBUG] app - GET /socket.io/?EIO=3&transport=polling&t=1496284199810-44
[2017-06-01 10:29:59.955] [DEBUG] app - GET /products/getListData
[2017-06-01 10:29:59.981] [DEBUG] app - GET /img/brush/maoshuagun.jpg
[2017-06-01 10:29:59.987] [DEBUG] app - GET /img/brush/futishua.png
[2017-06-01 10:29:59.996] [DEBUG] app - GET /img/brush/moliaosi.jpg
[2017-06-01 10:30:00.000] [DEBUG] app - GET /img/brush/mugongjixieshua.jpg
[2017-06-01 10:30:00.003] [DEBUG] app - GET /img/brush/saolushua.jpg
[2017-06-01 10:30:00.005] [DEBUG] app - GET /img/brush/jiqirensaodishua.jpg
[2017-06-01 10:30:00.023] [DEBUG] app - GET /img/carousel/001/1495173061094/1495173073171.jpeg
[2017-06-01 10:30:00.327] [INFO] weiXin.js - access_token未过期,查表获取jsapi_ticket成功
[2017-06-01 10:30:00.328] [ERROR] weiXin.js - kgt8ON7yVITDhtdwci0qeQwz2lhCIGDmNk37RU0VYuOJyDO2TOORaosDRQrU52qi4KZWPrnJk-M2LoePGr9mIA
[2017-06-01 10:30:00.329] [DEBUG] app - POST /wx/getSDKParams
[2017-06-01 10:30:05.816] [DEBUG] app - GET /socket.io/?EIO=3&transport=polling&t=1496284205809-45
[2017-06-01 10:30:06.820] [DEBUG] app - GET /socket.io/?EIO=3&transport=polling&t=1496284206809-45
[2017-06-01 10:30:12.814] [DEBUG] app - GET /socket.io/?EIO=3&transport=polling&t=1496284212809-46
[2017-06-01 10:30:13.811] [DEBUG] app - GET /socket.io/?EIO=3&transport=polling&t=1496284213808-46
[2017-06-01 10:30:18.819] [DEBUG] app - GET /socket.io/?EIO=3&transport=polling&t=1496284218819-47
[2017-06-01 10:30:19.819] [DEBUG] app - GET /socket.io/?EIO=3&transport=polling&t=1496284219808-47
[2017-06-01 10:30:25.814] [DEBUG] app - GET /socket.io/?EIO=3&transport=polling&t=1496284225809-48
[2017-06-01 10:30:26.811] [DEBUG] app - GET /socket.io/?EIO=3&transport=polling&t=1496284226808-48
[2017-06-01 10:30:40.222] [DEBUG] app - GET /socket.io/?EIO=3&transport=polling&t=1496284239808-50
[2017-06-01 10:30:40.229] [DEBUG] app - GET /socket.io/?EIO=3&transport=polling&t=1496284239809-50
[2017-06-01 10:30:45.814] [DEBUG] app - GET /socket.io/?EIO=3&transport=polling&t=1496284245808-51
[2017-06-01 10:30:45.815] [DEBUG] app - GET /socket.io/?EIO=3&transport=polling&t=1496284245808-51
[2017-06-01 10:30:45.854] [DEBUG] app - GET /css/bigwoods.ui.mobile.css
[2017-06-01 10:30:45.855] [DEBUG] app - GET /js/wxConfig.js
[2017-06-01 10:30:45.857] [DEBUG] app - GET /js/bigwoods.ui.mobile.js
[2017-06-01 10:30:45.992] [DEBUG] app - GET /img/logo-index.png
[2017-06-01 10:30:46.093] [DEBUG] app - GET /maps/swiper.js.map
[2017-06-01 10:30:46.828] [INFO] weiXin.js - access_token未过期,查表获取jsapi_ticket成功
[2017-06-01 10:30:46.828] [ERROR] weiXin.js - kgt8ON7yVITDhtdwci0qeQwz2lhCIGDmNk37RU0VYuOJyDO2TOORaosDRQrU52qi4KZWPrnJk-M2LoePGr9mIA
[2017-06-01 10:30:46.829] [DEBUG] app - POST /wx/getSDKParams
[2017-06-01 10:30:48.960] [DEBUG] app - GET /css/bigwoods.ui.mobile.css
[2017-06-01 10:30:48.963] [DEBUG] app - GET /js/wxConfig.js
[2017-06-01 10:30:48.965] [DEBUG] app - GET /js/bigwoods.ui.mobile.js
[2017-06-01 10:30:48.971] [DEBUG] app - GET /img/logo-index.png
[2017-06-01 10:30:49.130] [DEBUG] app - GET /maps/swiper.js.map
[2017-06-01 10:30:49.181] [INFO] weiXin.js - access_token未过期,查表获取jsapi_ticket成功
[2017-06-01 10:30:49.182] [ERROR] weiXin.js - kgt8ON7yVITDhtdwci0qeQwz2lhCIGDmNk37RU0VYuOJyDO2TOORaosDRQrU52qi4KZWPrnJk-M2LoePGr9mIA
[2017-06-01 10:30:49.183] [DEBUG] app - POST /wx/getSDKParams
[2017-06-01 10:30:51.814] [DEBUG] app - GET /socket.io/?EIO=3&transport=polling&t=1496284251808-52
[2017-06-01 10:30:51.818] [DEBUG] app - GET /socket.io/?EIO=3&transport=polling&t=1496284251809-52
[2017-06-01 10:30:51.843] [DEBUG] app - GET /b328260e96a2de7642e7.hot-update.json
[2017-06-01 10:30:57.815] [DEBUG] app - GET /socket.io/?EIO=3&transport=polling&t=1496284257809-53
[2017-06-01 10:30:57.820] [DEBUG] app - GET /socket.io/?EIO=3&transport=polling&t=1496284257810-53
[2017-06-01 10:31:03.816] [DEBUG] app - GET /socket.io/?EIO=3&transport=polling&t=1496284263808-54
[2017-06-01 10:31:03.822] [DEBUG] app - GET /socket.io/?EIO=3&transport=polling&t=1496284263809-54
[2017-06-01 10:31:10.813] [DEBUG] app - GET /socket.io/?EIO=3&transport=polling&t=1496284270813-55
[2017-06-01 10:31:10.813] [DEBUG] app - GET /socket.io/?EIO=3&transport=polling&t=1496284270813-55
[2017-06-01 10:31:26.881] [DEBUG] app - GET /socket.io/?EIO=3&transport=polling&t=1496284286821-57
[2017-06-01 10:31:26.903] [DEBUG] app - GET /socket.io/?EIO=3&transport=polling&t=1496284286829-57
[2017-06-01 10:31:29.980] [DEBUG] app - GET /css/bigwoods.ui.mobile.css
[2017-06-01 10:31:29.982] [DEBUG] app - GET /js/wxConfig.js
[2017-06-01 10:31:29.985] [DEBUG] app - GET /js/bigwoods.ui.mobile.js
[2017-06-01 10:31:30.101] [DEBUG] app - GET /img/logo-index.png
[2017-06-01 10:31:30.191] [DEBUG] app - GET /maps/swiper.js.map
[2017-06-01 10:31:30.217] [DEBUG] app - GET /img/logo.png
[2017-06-01 10:31:30.230] [DEBUG] app - GET /img/banner01.jpg
[2017-06-01 10:31:30.232] [DEBUG] app - GET /img/banner02.jpg
[2017-06-01 10:31:30.235] [DEBUG] app - GET /img/banner03.jpg
[2017-06-01 10:31:30.533] [DEBUG] app - GET /products/getListData
[2017-06-01 10:31:30.546] [DEBUG] app - GET /img/brush/maoshuagun.jpg
[2017-06-01 10:31:30.550] [DEBUG] app - GET /img/brush/futishua.png
[2017-06-01 10:31:30.551] [DEBUG] app - GET /img/brush/moliaosi.jpg
[2017-06-01 10:31:30.553] [DEBUG] app - GET /img/brush/mugongjixieshua.jpg
[2017-06-01 10:31:30.555] [DEBUG] app - GET /img/brush/saolushua.jpg
[2017-06-01 10:31:30.558] [DEBUG] app - GET /img/brush/jiqirensaodishua.jpg
[2017-06-01 10:31:30.560] [DEBUG] app - GET /img/carousel/001/1495173061094/1495173073171.jpeg
[2017-06-01 10:31:31.017] [INFO] weiXin.js - access_token未过期,查表获取jsapi_ticket成功
[2017-06-01 10:31:31.017] [ERROR] weiXin.js - kgt8ON7yVITDhtdwci0qeQwz2lhCIGDmNk37RU0VYuOJyDO2TOORaosDRQrU52qi4KZWPrnJk-M2LoePGr9mIA
[2017-06-01 10:31:31.019] [DEBUG] app - POST /wx/getSDKParams
[2017-06-01 10:31:32.813] [DEBUG] app - GET /socket.io/?EIO=3&transport=polling&t=1496284292808-58
[2017-06-01 10:31:32.816] [DEBUG] app - GET /socket.io/?EIO=3&transport=polling&t=1496284292808-58
[2017-06-01 10:31:37.860] [DEBUG] app - GET /b328260e96a2de7642e7.hot-update.json
[2017-06-01 10:31:38.817] [DEBUG] app - GET /socket.io/?EIO=3&transport=polling&t=1496284298808-59
[2017-06-01 10:31:38.822] [DEBUG] app - GET /socket.io/?EIO=3&transport=polling&t=1496284298809-59
[2017-06-01 10:31:44.819] [DEBUG] app - GET /socket.io/?EIO=3&transport=polling&t=1496284304819-60
[2017-06-01 10:31:44.819] [DEBUG] app - GET /socket.io/?EIO=3&transport=polling&t=1496284304819-60
[2017-06-01 10:31:50.812] [DEBUG] app - GET /socket.io/?EIO=3&transport=polling&t=1496284310812-61
[2017-06-01 10:31:50.827] [DEBUG] app - GET /socket.io/?EIO=3&transport=polling&t=1496284310812-61
[2017-06-01 10:31:57.815] [DEBUG] app - GET /socket.io/?EIO=3&transport=polling&t=1496284317815-62
[2017-06-01 10:31:57.815] [DEBUG] app - GET /socket.io/?EIO=3&transport=polling&t=1496284317815-62
[2017-06-01 10:32:04.816] [DEBUG] app - GET /socket.io/?EIO=3&transport=polling&t=1496284324816-63
[2017-06-01 10:32:04.832] [DEBUG] app - GET /socket.io/?EIO=3&transport=polling&t=1496284324816-63
[2017-06-01 10:32:11.821] [DEBUG] app - GET /socket.io/?EIO=3&transport=polling&t=1496284331821-64
[2017-06-01 10:32:11.821] [DEBUG] app - GET /socket.io/?EIO=3&transport=polling&t=1496284331821-64
[2017-06-01 10:32:17.809] [DEBUG] app - GET /socket.io/?EIO=3&transport=polling&t=1496284337809-65
[2017-06-01 10:32:17.824] [DEBUG] app - GET /socket.io/?EIO=3&transport=polling&t=1496284337809-65
[2017-06-01 10:32:24.810] [DEBUG] app - GET /socket.io/?EIO=3&transport=polling&t=1496284344809-66
[2017-06-01 10:32:24.826] [DEBUG] app - GET /socket.io/?EIO=3&transport=polling&t=1496284344809-66
[2017-06-01 10:32:38.036] [DEBUG] app - GET /socket.io/?EIO=3&transport=polling&t=1496284351807-67
[2017-06-01 10:32:38.042] [DEBUG] app - GET /socket.io/?EIO=3&transport=polling&t=1496284351808-67
[2017-06-01 10:32:42.343] [DEBUG] app - GET /css/bigwoods.ui.mobile.css
[2017-06-01 10:32:42.346] [DEBUG] app - GET /js/wxConfig.js
[2017-06-01 10:32:42.347] [DEBUG] app - GET /js/bigwoods.ui.mobile.js
[2017-06-01 10:32:42.487] [DEBUG] app - GET /img/logo-index.png
[2017-06-01 10:32:42.580] [DEBUG] app - GET /maps/swiper.js.map
[2017-06-01 10:32:42.603] [DEBUG] app - GET /img/logo.png
[2017-06-01 10:32:42.617] [DEBUG] app - GET /img/banner01.jpg
[2017-06-01 10:32:42.619] [DEBUG] app - GET /img/banner02.jpg
[2017-06-01 10:32:42.620] [DEBUG] app - GET /img/banner03.jpg
[2017-06-01 10:32:43.538] [DEBUG] app - GET /products/getListData
[2017-06-01 10:32:43.552] [DEBUG] app - GET /img/brush/maoshuagun.jpg
[2017-06-01 10:32:43.554] [DEBUG] app - GET /img/brush/futishua.png
[2017-06-01 10:32:43.556] [DEBUG] app - GET /img/brush/moliaosi.jpg
[2017-06-01 10:32:43.560] [DEBUG] app - GET /img/brush/mugongjixieshua.jpg
[2017-06-01 10:32:43.561] [DEBUG] app - GET /img/brush/saolushua.jpg
[2017-06-01 10:32:43.566] [DEBUG] app - GET /img/brush/jiqirensaodishua.jpg
[2017-06-01 10:32:43.568] [DEBUG] app - GET /img/carousel/001/1495173061094/1495173073171.jpeg
[2017-06-01 10:32:43.820] [DEBUG] app - GET /socket.io/?EIO=3&transport=polling&t=1496284363809-68
[2017-06-01 10:32:43.821] [DEBUG] app - GET /socket.io/?EIO=3&transport=polling&t=1496284363809-68
[2017-06-01 10:32:44.860] [INFO] weiXin.js - access_token未过期,查表获取jsapi_ticket成功
[2017-06-01 10:32:44.861] [ERROR] weiXin.js - kgt8ON7yVITDhtdwci0qeQwz2lhCIGDmNk37RU0VYuOJyDO2TOORaosDRQrU52qi4KZWPrnJk-M2LoePGr9mIA
[2017-06-01 10:32:44.861] [DEBUG] app - POST /wx/getSDKParams
[2017-06-01 10:32:49.814] [DEBUG] app - GET /socket.io/?EIO=3&transport=polling&t=1496284369807-69
[2017-06-01 10:32:49.842] [DEBUG] app - GET /socket.io/?EIO=3&transport=polling&t=1496284369808-69
[2017-06-01 10:32:49.849] [DEBUG] app - GET /b328260e96a2de7642e7.hot-update.json
[2017-06-01 10:32:55.825] [DEBUG] app - GET /socket.io/?EIO=3&transport=polling&t=1496284375808-70
[2017-06-01 10:32:56.815] [DEBUG] app - GET /socket.io/?EIO=3&transport=polling&t=1496284376815-70
[2017-06-01 10:33:02.813] [DEBUG] app - GET /socket.io/?EIO=3&transport=polling&t=1496284382814-71
[2017-06-01 10:33:03.813] [DEBUG] app - GET /socket.io/?EIO=3&transport=polling&t=1496284383814-71
[2017-06-01 10:33:09.829] [DEBUG] app - GET /socket.io/?EIO=3&transport=polling&t=1496284389815-72
[2017-06-01 10:33:10.814] [DEBUG] app - GET /socket.io/?EIO=3&transport=polling&t=1496284390815-72
[2017-06-01 10:33:16.820] [DEBUG] app - GET /socket.io/?EIO=3&transport=polling&t=1496284396821-73
[2017-06-01 10:33:17.820] [DEBUG] app - GET /socket.io/?EIO=3&transport=polling&t=1496284397821-73
[2017-06-01 10:33:23.821] [DEBUG] app - GET /socket.io/?EIO=3&transport=polling&t=1496284403821-74
[2017-06-01 10:33:24.821] [DEBUG] app - GET /socket.io/?EIO=3&transport=polling&t=1496284404822-74
[2017-06-01 10:33:30.809] [DEBUG] app - GET /socket.io/?EIO=3&transport=polling&t=1496284410809-75
[2017-06-01 10:33:31.817] [DEBUG] app - GET /socket.io/?EIO=3&transport=polling&t=1496284411808-75
[2017-06-01 10:33:36.814] [DEBUG] app - GET /socket.io/?EIO=3&transport=polling&t=1496284416810-76
[2017-06-01 10:33:37.819] [DEBUG] app - GET /socket.io/?EIO=3&transport=polling&t=1496284417809-76
[2017-06-01 10:33:42.819] [DEBUG] app - GET /socket.io/?EIO=3&transport=polling&t=1496284422809-77
[2017-06-01 10:33:44.811] [DEBUG] app - GET /socket.io/?EIO=3&transport=polling&t=1496284424809-77
[2017-06-01 10:33:49.810] [DEBUG] app - GET /socket.io/?EIO=3&transport=polling&t=1496284429808-78
[2017-06-01 10:33:51.810] [DEBUG] app - GET /socket.io/?EIO=3&transport=polling&t=1496284431811-78
[2017-06-01 10:33:56.837] [DEBUG] app - GET /socket.io/?EIO=3&transport=polling&t=1496284436822-79
[2017-06-01 10:33:57.821] [DEBUG] app - GET /socket.io/?EIO=3&transport=polling&t=1496284437821-79
[2017-06-01 10:34:03.814] [DEBUG] app - GET /socket.io/?EIO=3&transport=polling&t=1496284443808-80
[2017-06-01 10:34:03.818] [DEBUG] app - GET /socket.io/?EIO=3&transport=polling&t=1496284443808-80
[2017-06-01 10:34:09.820] [DEBUG] app - GET /socket.io/?EIO=3&transport=polling&t=1496284449820-81
[2017-06-01 10:34:09.820] [DEBUG] app - GET /socket.io/?EIO=3&transport=polling&t=1496284449820-81
[2017-06-01 10:34:16.820] [DEBUG] app - GET /socket.io/?EIO=3&transport=polling&t=1496284456820-82
[2017-06-01 10:34:16.836] [DEBUG] app - GET /socket.io/?EIO=3&transport=polling&t=1496284456820-82
[2017-06-01 10:34:23.815] [DEBUG] app - GET /socket.io/?EIO=3&transport=polling&t=1496284463815-83
[2017-06-01 10:34:23.815] [DEBUG] app - GET /socket.io/?EIO=3&transport=polling&t=1496284463815-83
[2017-06-01 10:34:30.814] [DEBUG] app - GET /socket.io/?EIO=3&transport=polling&t=1496284470807-84
[2017-06-01 10:34:30.820] [DEBUG] app - GET /socket.io/?EIO=3&transport=polling&t=1496284470808-84
[2017-06-01 10:34:36.814] [DEBUG] app - GET /socket.io/?EIO=3&transport=polling&t=1496284476807-85
[2017-06-01 10:34:36.816] [DEBUG] app - GET /socket.io/?EIO=3&transport=polling&t=1496284476808-85
[2017-06-01 10:34:42.819] [DEBUG] app - GET /socket.io/?EIO=3&transport=polling&t=1496284482809-86
[2017-06-01 10:34:42.822] [DEBUG] app - GET /socket.io/?EIO=3&transport=polling&t=1496284482809-86
[2017-06-01 10:34:43.205] [DEBUG] app - GET /css/bigwoods.ui.mobile.css
[2017-06-01 10:34:43.205] [DEBUG] app - GET /js/wxConfig.js
[2017-06-01 10:34:43.208] [DEBUG] app - GET /js/bigwoods.ui.mobile.js
[2017-06-01 10:34:43.229] [DEBUG] app - GET /img/logo-index.png
[2017-06-01 10:34:43.372] [DEBUG] app - GET /maps/swiper.js.map
[2017-06-01 10:34:43.735] [INFO] weiXin.js - access_token未过期,查表获取jsapi_ticket成功
[2017-06-01 10:34:43.736] [ERROR] weiXin.js - kgt8ON7yVITDhtdwci0qeQwz2lhCIGDmNk37RU0VYuOJyDO2TOORaosDRQrU52qi4KZWPrnJk-M2LoePGr9mIA
[2017-06-01 10:34:43.738] [DEBUG] app - POST /wx/getSDKParams
[2017-06-01 10:34:48.821] [DEBUG] app - GET /socket.io/?EIO=3&transport=polling&t=1496284488808-87
[2017-06-01 10:34:48.824] [DEBUG] app - GET /socket.io/?EIO=3&transport=polling&t=1496284488812-87
[2017-06-01 10:34:55.811] [DEBUG] app - GET /socket.io/?EIO=3&transport=polling&t=1496284495811-88
[2017-06-01 10:34:55.811] [DEBUG] app - GET /socket.io/?EIO=3&transport=polling&t=1496284495811-88
[2017-06-01 10:35:02.819] [DEBUG] app - GET /socket.io/?EIO=3&transport=polling&t=1496284502820-89
[2017-06-01 10:35:02.819] [DEBUG] app - GET /socket.io/?EIO=3&transport=polling&t=1496284502820-89
[2017-06-01 10:35:09.820] [DEBUG] app - GET /socket.io/?EIO=3&transport=polling&t=1496284509821-90
[2017-06-01 10:35:09.820] [DEBUG] app - GET /socket.io/?EIO=3&transport=polling&t=1496284509821-90
[2017-06-01 10:35:16.821] [DEBUG] app - GET /socket.io/?EIO=3&transport=polling&t=1496284516821-91
[2017-06-01 10:35:16.836] [DEBUG] app - GET /socket.io/?EIO=3&transport=polling&t=1496284516821-91
[2017-06-01 10:35:22.812] [DEBUG] app - GET /socket.io/?EIO=3&transport=polling&t=1496284522813-92
[2017-06-01 10:35:23.812] [DEBUG] app - GET /socket.io/?EIO=3&transport=polling&t=1496284523813-92
[2017-06-01 10:35:29.822] [DEBUG] app - GET /socket.io/?EIO=3&transport=polling&t=1496284529823-93
[2017-06-01 10:35:30.812] [DEBUG] app - GET /socket.io/?EIO=3&transport=polling&t=1496284530809-93
[2017-06-01 10:35:35.816] [DEBUG] app - GET /socket.io/?EIO=3&transport=polling&t=1496284535808-94
[2017-06-01 10:35:36.824] [DEBUG] app - GET /socket.io/?EIO=3&transport=polling&t=1496284536809-94
[2017-06-01 10:35:42.814] [DEBUG] app - GET /socket.io/?EIO=3&transport=polling&t=1496284542809-95
[2017-06-01 10:35:42.816] [DEBUG] app - GET /socket.io/?EIO=3&transport=polling&t=1496284542810-95
[2017-06-01 10:35:49.812] [DEBUG] app - GET /socket.io/?EIO=3&transport=polling&t=1496284549813-96
[2017-06-01 10:35:49.812] [DEBUG] app - GET /socket.io/?EIO=3&transport=polling&t=1496284549813-96
[2017-06-01 10:36:04.106] [DEBUG] app - GET /socket.io/?EIO=3&transport=polling&t=1496284556814-97
[2017-06-01 10:36:04.114] [DEBUG] app - GET /socket.io/?EIO=3&transport=polling&t=1496284556814-97
[2017-06-01 10:36:04.143] [DEBUG] app - GET /css/bigwoods.ui.mobile.css
[2017-06-01 10:36:04.156] [DEBUG] app - GET /js/wxConfig.js
[2017-06-01 10:36:04.165] [DEBUG] app - GET /js/bigwoods.ui.mobile.js
[2017-06-01 10:36:04.252] [DEBUG] app - GET /img/logo-index.png
[2017-06-01 10:36:04.576] [DEBUG] app - GET /maps/swiper.js.map
[2017-06-01 10:36:05.362] [INFO] weiXin.js - access_token未过期,查表获取jsapi_ticket成功
[2017-06-01 10:36:05.362] [ERROR] weiXin.js - kgt8ON7yVITDhtdwci0qeQwz2lhCIGDmNk37RU0VYuOJyDO2TOORaosDRQrU52qi4KZWPrnJk-M2LoePGr9mIA
[2017-06-01 10:36:05.363] [DEBUG] app - POST /wx/getSDKParams
[2017-06-01 10:36:09.814] [DEBUG] app - GET /socket.io/?EIO=3&transport=polling&t=1496284569808-98
[2017-06-01 10:36:09.818] [DEBUG] app - GET /socket.io/?EIO=3&transport=polling&t=1496284569808-98
[2017-06-01 10:36:15.813] [DEBUG] app - GET /socket.io/?EIO=3&transport=polling&t=1496284575807-99
[2017-06-01 10:36:16.821] [DEBUG] app - GET /socket.io/?EIO=3&transport=polling&t=1496284576808-99
[2017-06-01 10:36:22.822] [DEBUG] app - GET /socket.io/?EIO=3&transport=polling&t=1496284582810-100
[2017-06-01 10:36:22.822] [DEBUG] app - GET /socket.io/?EIO=3&transport=polling&t=1496284582815-100
[2017-06-01 10:36:28.825] [DEBUG] app - GET /socket.io/?EIO=3&transport=polling&t=1496284588809-101
[2017-06-01 10:36:29.816] [DEBUG] app - GET /socket.io/?EIO=3&transport=polling&t=1496284589807-101
[2017-06-01 10:36:34.816] [DEBUG] app - GET /socket.io/?EIO=3&transport=polling&t=1496284594808-102
[2017-06-01 10:36:35.829] [DEBUG] app - GET /socket.io/?EIO=3&transport=polling&t=1496284595809-102
[2017-06-01 10:36:41.817] [DEBUG] app - GET /socket.io/?EIO=3&transport=polling&t=1496284601808-103
[2017-06-01 10:36:41.819] [DEBUG] app - GET /socket.io/?EIO=3&transport=polling&t=1496284601808-103
[2017-06-01 10:36:47.823] [DEBUG] app - GET /socket.io/?EIO=3&transport=polling&t=1496284607823-104
[2017-06-01 10:36:47.839] [DEBUG] app - GET /socket.io/?EIO=3&transport=polling&t=1496284607823-104
[2017-06-01 10:36:53.820] [DEBUG] app - GET /socket.io/?EIO=3&transport=polling&t=1496284613808-105
[2017-06-01 10:36:53.824] [DEBUG] app - GET /socket.io/?EIO=3&transport=polling&t=1496284613810-105
[2017-06-01 10:36:59.813] [DEBUG] app - GET /socket.io/?EIO=3&transport=polling&t=1496284619809-106
[2017-06-01 10:36:59.813] [DEBUG] app - GET /socket.io/?EIO=3&transport=polling&t=1496284619809-106
[2017-06-01 10:37:05.828] [DEBUG] app - GET /socket.io/?EIO=3&transport=polling&t=1496284625810-107
[2017-06-01 10:37:05.830] [DEBUG] app - GET /socket.io/?EIO=3&transport=polling&t=1496284625812-107
[2017-06-01 10:37:11.813] [DEBUG] app - GET /socket.io/?EIO=3&transport=polling&t=1496284631808-108
[2017-06-01 10:37:11.816] [DEBUG] app - GET /socket.io/?EIO=3&transport=polling&t=1496284631809-108
[2017-06-01 10:37:17.816] [DEBUG] app - GET /socket.io/?EIO=3&transport=polling&t=1496284637809-109
[2017-06-01 10:37:17.820] [DEBUG] app - GET /socket.io/?EIO=3&transport=polling&t=1496284637810-109
[2017-06-01 10:37:23.814] [DEBUG] app - GET /socket.io/?EIO=3&transport=polling&t=1496284643808-110
[2017-06-01 10:37:23.817] [DEBUG] app - GET /socket.io/?EIO=3&transport=polling&t=1496284643809-110
[2017-06-01 10:37:29.817] [DEBUG] app - GET /socket.io/?EIO=3&transport=polling&t=1496284649818-111
[2017-06-01 10:37:29.817] [DEBUG] app - GET /socket.io/?EIO=3&transport=polling&t=1496284649818-111
[2017-06-01 10:37:36.815] [DEBUG] app - GET /socket.io/?EIO=3&transport=polling&t=1496284656809-112
[2017-06-01 10:37:36.817] [DEBUG] app - GET /socket.io/?EIO=3&transport=polling&t=1496284656810-112
[2017-06-01 10:37:42.817] [DEBUG] app - GET /socket.io/?EIO=3&transport=polling&t=1496284662809-113
[2017-06-01 10:37:42.825] [DEBUG] app - GET /socket.io/?EIO=3&transport=polling&t=1496284662811-113
[2017-06-01 10:37:49.820] [DEBUG] app - GET /socket.io/?EIO=3&transport=polling&t=1496284669820-114
[2017-06-01 10:37:49.835] [DEBUG] app - GET /socket.io/?EIO=3&transport=polling&t=1496284669820-114
[2017-06-01 10:37:56.838] [DEBUG] app - GET /socket.io/?EIO=3&transport=polling&t=1496284676823-115
[2017-06-01 10:37:56.854] [DEBUG] app - GET /socket.io/?EIO=3&transport=polling&t=1496284676823-115
[2017-06-01 10:38:03.809] [DEBUG] app - GET /socket.io/?EIO=3&transport=polling&t=1496284683808-116
[2017-06-01 10:38:03.809] [DEBUG] app - GET /socket.io/?EIO=3&transport=polling&t=1496284683808-116
[2017-06-01 10:38:09.822] [DEBUG] app - GET /socket.io/?EIO=3&transport=polling&t=1496284689810-117
[2017-06-01 10:38:10.811] [DEBUG] app - GET /socket.io/?EIO=3&transport=polling&t=1496284690811-117
[2017-06-01 10:38:16.822] [DEBUG] app - GET /socket.io/?EIO=3&transport=polling&t=1496284696816-118
[2017-06-01 10:38:16.825] [DEBUG] app - GET /socket.io/?EIO=3&transport=polling&t=1496284696818-118
[2017-06-01 10:38:22.817] [DEBUG] app - GET /socket.io/?EIO=3&transport=polling&t=1496284702809-119
[2017-06-01 10:38:23.834] [DEBUG] app - GET /socket.io/?EIO=3&transport=polling&t=1496284703816-119
[2017-06-01 10:38:29.814] [DEBUG] app - GET /socket.io/?EIO=3&transport=polling&t=1496284709808-120
[2017-06-01 10:38:29.818] [DEBUG] app - GET /socket.io/?EIO=3&transport=polling&t=1496284709808-120
[2017-06-01 10:38:35.813] [DEBUG] app - GET /socket.io/?EIO=3&transport=polling&t=1496284715807-121
[2017-06-01 10:38:36.828] [DEBUG] app - GET /socket.io/?EIO=3&transport=polling&t=1496284716808-121
[2017-06-01 10:38:42.814] [DEBUG] app - GET /socket.io/?EIO=3&transport=polling&t=1496284722809-122
[2017-06-01 10:38:42.818] [DEBUG] app - GET /socket.io/?EIO=3&transport=polling&t=1496284722809-122
[2017-06-01 10:38:48.813] [DEBUG] app - GET /socket.io/?EIO=3&transport=polling&t=1496284728808-123
[2017-06-01 10:38:48.818] [DEBUG] app - GET /socket.io/?EIO=3&transport=polling&t=1496284728808-123
[2017-06-01 10:38:54.815] [DEBUG] app - GET /socket.io/?EIO=3&transport=polling&t=1496284734808-124
[2017-06-01 10:38:54.816] [DEBUG] app - GET /socket.io/?EIO=3&transport=polling&t=1496284734809-124
[2017-06-01 10:39:00.812] [DEBUG] app - GET /socket.io/?EIO=3&transport=polling&t=1496284740808-125
[2017-06-01 10:39:00.815] [DEBUG] app - GET /socket.io/?EIO=3&transport=polling&t=1496284740809-125
[2017-06-01 10:39:06.818] [DEBUG] app - GET /socket.io/?EIO=3&transport=polling&t=1496284746808-126
[2017-06-01 10:39:06.820] [DEBUG] app - GET /socket.io/?EIO=3&transport=polling&t=1496284746809-126
[2017-06-01 10:39:12.829] [DEBUG] app - GET /socket.io/?EIO=3&transport=polling&t=1496284752808-127
[2017-06-01 10:39:12.831] [DEBUG] app - GET /socket.io/?EIO=3&transport=polling&t=1496284752808-127
[2017-06-01 10:39:18.827] [DEBUG] app - GET /socket.io/?EIO=3&transport=polling&t=1496284758807-128
[2017-06-01 10:39:18.830] [DEBUG] app - GET /socket.io/?EIO=3&transport=polling&t=1496284758809-128
[2017-06-01 10:39:24.813] [DEBUG] app - GET /socket.io/?EIO=3&transport=polling&t=1496284764807-129
[2017-06-01 10:39:24.818] [DEBUG] app - GET /socket.io/?EIO=3&transport=polling&t=1496284764808-129
[2017-06-01 10:39:30.816] [DEBUG] app - GET /socket.io/?EIO=3&transport=polling&t=1496284770809-130
[2017-06-01 10:39:30.818] [DEBUG] app - GET /socket.io/?EIO=3&transport=polling&t=1496284770810-130
[2017-06-01 10:39:36.813] [DEBUG] app - GET /socket.io/?EIO=3&transport=polling&t=1496284776810-131
[2017-06-01 10:39:36.818] [DEBUG] app - GET /socket.io/?EIO=3&transport=polling&t=1496284776811-131
[2017-06-01 10:39:42.814] [DEBUG] app - GET /socket.io/?EIO=3&transport=polling&t=1496284782808-132
[2017-06-01 10:39:42.817] [DEBUG] app - GET /socket.io/?EIO=3&transport=polling&t=1496284782808-132
[2017-06-01 10:39:48.825] [DEBUG] app - GET /socket.io/?EIO=3&transport=polling&t=1496284788808-133
[2017-06-01 10:39:48.828] [DEBUG] app - GET /socket.io/?EIO=3&transport=polling&t=1496284788810-133
[2017-06-01 10:39:54.827] [DEBUG] app - GET /socket.io/?EIO=3&transport=polling&t=1496284794808-134
[2017-06-01 10:39:54.834] [DEBUG] app - GET /socket.io/?EIO=3&transport=polling&t=1496284794811-134
[2017-06-01 10:40:00.826] [DEBUG] app - GET /socket.io/?EIO=3&transport=polling&t=1496284800808-135
[2017-06-01 10:40:01.821] [DEBUG] app - GET /socket.io/?EIO=3&transport=polling&t=1496284801807-135
[2017-06-01 10:40:06.814] [DEBUG] app - GET /socket.io/?EIO=3&transport=polling&t=1496284806808-136
[2017-06-01 10:40:07.815] [DEBUG] app - GET /socket.io/?EIO=3&transport=polling&t=1496284807809-136
[2017-06-01 10:40:12.813] [DEBUG] app - GET /socket.io/?EIO=3&transport=polling&t=1496284812808-137
[2017-06-01 10:40:13.821] [DEBUG] app - GET /socket.io/?EIO=3&transport=polling&t=1496284813809-137
[2017-06-01 10:40:18.826] [DEBUG] app - GET /socket.io/?EIO=3&transport=polling&t=1496284818809-138
[2017-06-01 10:40:19.830] [DEBUG] app - GET /socket.io/?EIO=3&transport=polling&t=1496284819809-138
[2017-06-01 10:40:25.829] [DEBUG] app - GET /socket.io/?EIO=3&transport=polling&t=1496284825809-139
[2017-06-01 10:40:25.836] [DEBUG] app - GET /socket.io/?EIO=3&transport=polling&t=1496284825812-139
[2017-06-01 10:40:31.817] [DEBUG] app - GET /socket.io/?EIO=3&transport=polling&t=1496284831809-140
[2017-06-01 10:40:31.823] [DEBUG] app - GET /socket.io/?EIO=3&transport=polling&t=1496284831810-140
[2017-06-01 10:40:37.825] [DEBUG] app - GET /socket.io/?EIO=3&transport=polling&t=1496284837809-141
[2017-06-01 10:40:38.826] [DEBUG] app - GET /socket.io/?EIO=3&transport=polling&t=1496284838809-141
[2017-06-01 10:40:44.820] [DEBUG] app - GET /socket.io/?EIO=3&transport=polling&t=1496284844808-142
[2017-06-01 10:40:44.823] [DEBUG] app - GET /socket.io/?EIO=3&transport=polling&t=1496284844810-142
[2017-06-01 10:40:45.532] [DEBUG] app - GET /b328260e96a2de7642e7.hot-update.json
[2017-06-01 10:40:50.812] [DEBUG] app - GET /socket.io/?EIO=3&transport=polling&t=1496284850808-143
[2017-06-01 10:40:50.814] [DEBUG] app - GET /socket.io/?EIO=3&transport=polling&t=1496284850809-143
[2017-06-01 10:40:56.814] [DEBUG] app - GET /socket.io/?EIO=3&transport=polling&t=1496284856808-144
[2017-06-01 10:40:56.816] [DEBUG] app - GET /socket.io/?EIO=3&transport=polling&t=1496284856809-144
[2017-06-01 10:41:02.819] [DEBUG] app - GET /socket.io/?EIO=3&transport=polling&t=1496284862810-145
[2017-06-01 10:41:13.027] [DEBUG] app - GET /socket.io/?EIO=3&transport=polling&t=1496284868808-146
[2017-06-01 10:41:13.037] [DEBUG] app - GET /socket.io/?EIO=3&transport=polling&t=1496284868809-146
[2017-06-01 10:41:13.090] [DEBUG] app - GET /css/bigwoods.ui.mobile.css
[2017-06-01 10:41:13.095] [DEBUG] app - GET /js/wxConfig.js
[2017-06-01 10:41:13.106] [DEBUG] app - GET /js/bigwoods.ui.mobile.js
[2017-06-01 10:41:13.751] [DEBUG] app - GET /img/logo-index.png
[2017-06-01 10:41:13.772] [DEBUG] app - GET /maps/swiper.js.map
[2017-06-01 10:41:13.772] [DEBUG] app - GET /img/logo.png
[2017-06-01 10:41:13.839] [DEBUG] app - GET /img/banner01.jpg
[2017-06-01 10:41:13.850] [DEBUG] app - GET /img/banner02.jpg
[2017-06-01 10:41:13.908] [DEBUG] app - GET /img/banner03.jpg
[2017-06-01 10:41:14.206] [DEBUG] app - GET /products/getListData
[2017-06-01 10:41:14.218] [DEBUG] app - GET /img/brush/maoshuagun.jpg
[2017-06-01 10:41:14.220] [DEBUG] app - GET /img/brush/futishua.png
[2017-06-01 10:41:14.224] [DEBUG] app - GET /img/brush/moliaosi.jpg
[2017-06-01 10:41:14.225] [DEBUG] app - GET /img/brush/mugongjixieshua.jpg
[2017-06-01 10:41:14.227] [DEBUG] app - GET /img/brush/saolushua.jpg
[2017-06-01 10:41:14.229] [DEBUG] app - GET /img/brush/jiqirensaodishua.jpg
[2017-06-01 10:41:14.234] [DEBUG] app - GET /img/carousel/001/1495173061094/1495173073171.jpeg
[2017-06-01 10:41:14.586] [INFO] weiXin.js - access_token未过期,查表获取jsapi_ticket成功
[2017-06-01 10:41:14.587] [ERROR] weiXin.js - kgt8ON7yVITDhtdwci0qeQwz2lhCIGDmNk37RU0VYuOJyDO2TOORaosDRQrU52qi4KZWPrnJk-M2LoePGr9mIA
[2017-06-01 10:41:14.588] [DEBUG] app - POST /wx/getSDKParams
[2017-06-01 10:41:19.814] [DEBUG] app - GET /socket.io/?EIO=3&transport=polling&t=1496284879809-147
[2017-06-01 10:41:19.816] [DEBUG] app - GET /socket.io/?EIO=3&transport=polling&t=1496284879809-147
[2017-06-01 10:41:23.847] [DEBUG] app - GET /b328260e96a2de7642e7.hot-update.json
[2017-06-01 10:41:25.812] [DEBUG] app - GET /socket.io/?EIO=3&transport=polling&t=1496284885808-148
[2017-06-01 10:41:25.816] [DEBUG] app - GET /socket.io/?EIO=3&transport=polling&t=1496284885809-148
[2017-06-01 10:41:31.820] [DEBUG] app - GET /socket.io/?EIO=3&transport=polling&t=1496284891808-149
[2017-06-01 10:41:31.822] [DEBUG] app - GET /socket.io/?EIO=3&transport=polling&t=1496284891809-149
[2017-06-01 10:41:37.817] [DEBUG] app - GET /socket.io/?EIO=3&transport=polling&t=1496284897808-150
[2017-06-01 10:41:37.823] [DEBUG] app - GET /socket.io/?EIO=3&transport=polling&t=1496284897810-150
[2017-06-01 10:41:43.813] [DEBUG] app - GET /socket.io/?EIO=3&transport=polling&t=1496284903809-151
[2017-06-01 10:41:43.816] [DEBUG] app - GET /socket.io/?EIO=3&transport=polling&t=1496284903809-151
[2017-06-01 10:41:49.815] [DEBUG] app - GET /socket.io/?EIO=3&transport=polling&t=1496284909808-152
[2017-06-01 10:41:49.824] [DEBUG] app - GET /socket.io/?EIO=3&transport=polling&t=1496284909809-152
[2017-06-01 10:41:55.168] [DEBUG] app - GET /css/bigwoods.ui.mobile.css
[2017-06-01 10:41:55.273] [DEBUG] app - GET /maps/swiper.js.map
[2017-06-01 10:41:55.825] [DEBUG] app - GET /socket.io/?EIO=3&transport=polling&t=1496284915809-153
[2017-06-01 10:41:55.836] [DEBUG] app - GET /socket.io/?EIO=3&transport=polling&t=1496284915821-153
[2017-06-01 10:42:01.816] [DEBUG] app - GET /socket.io/?EIO=3&transport=polling&t=1496284921809-154
[2017-06-01 10:42:01.819] [DEBUG] app - GET /socket.io/?EIO=3&transport=polling&t=1496284921810-154
[2017-06-01 10:42:07.812] [DEBUG] app - GET /socket.io/?EIO=3&transport=polling&t=1496284927809-155
[2017-06-01 10:42:07.817] [DEBUG] app - GET /socket.io/?EIO=3&transport=polling&t=1496284927809-155
[2017-06-01 10:42:13.814] [DEBUG] app - GET /socket.io/?EIO=3&transport=polling&t=1496284933808-156
[2017-06-01 10:42:13.816] [DEBUG] app - GET /socket.io/?EIO=3&transport=polling&t=1496284933809-156
[2017-06-01 10:42:19.813] [DEBUG] app - GET /socket.io/?EIO=3&transport=polling&t=1496284939809-157
[2017-06-01 10:42:19.816] [DEBUG] app - GET /socket.io/?EIO=3&transport=polling&t=1496284939809-157
[2017-06-01 10:42:25.815] [DEBUG] app - GET /socket.io/?EIO=3&transport=polling&t=1496284945809-158
[2017-06-01 10:42:25.818] [DEBUG] app - GET /socket.io/?EIO=3&transport=polling&t=1496284945811-158
[2017-06-01 10:42:31.813] [DEBUG] app - GET /socket.io/?EIO=3&transport=polling&t=1496284951809-159
[2017-06-01 10:42:31.814] [DEBUG] app - GET /socket.io/?EIO=3&transport=polling&t=1496284951810-159
[2017-06-01 10:42:46.224] [DEBUG] app - GET /socket.io/?EIO=3&transport=polling&t=1496284965809-161
[2017-06-01 10:42:46.229] [DEBUG] app - GET /socket.io/?EIO=3&transport=polling&t=1496284965809-161
[2017-06-01 10:42:51.814] [DEBUG] app - GET /socket.io/?EIO=3&transport=polling&t=1496284971808-162
[2017-06-01 10:42:51.816] [DEBUG] app - GET /socket.io/?EIO=3&transport=polling&t=1496284971809-162
[2017-06-01 10:42:56.851] [DEBUG] app - GET /b328260e96a2de7642e7.hot-update.json
[2017-06-01 10:42:56.857] [DEBUG] app - GET /3fd556cbdb5f900d0ad2.hot-update.json
[2017-06-01 10:42:57.816] [DEBUG] app - GET /socket.io/?EIO=3&transport=polling&t=1496284977809-163
[2017-06-01 10:42:57.819] [DEBUG] app - GET /socket.io/?EIO=3&transport=polling&t=1496284977810-163
[2017-06-01 10:43:03.811] [DEBUG] app - GET /socket.io/?EIO=3&transport=polling&t=1496284983810-164
[2017-06-01 10:43:03.822] [DEBUG] app - GET /socket.io/?EIO=3&transport=polling&t=1496284983810-164
[2017-06-01 10:43:09.812] [DEBUG] app - GET /socket.io/?EIO=3&transport=polling&t=1496284989808-165
[2017-06-01 10:43:09.813] [DEBUG] app - GET /socket.io/?EIO=3&transport=polling&t=1496284989810-165
[2017-06-01 10:43:15.816] [DEBUG] app - GET /socket.io/?EIO=3&transport=polling&t=1496284995809-166
[2017-06-01 10:43:15.824] [DEBUG] app - GET /socket.io/?EIO=3&transport=polling&t=1496284995810-166
[2017-06-01 10:43:21.813] [DEBUG] app - GET /socket.io/?EIO=3&transport=polling&t=1496285001808-167
[2017-06-01 10:43:22.813] [DEBUG] app - GET /socket.io/?EIO=3&transport=polling&t=1496285002809-167
[2017-06-01 10:43:27.815] [DEBUG] app - GET /socket.io/?EIO=3&transport=polling&t=1496285007810-168
[2017-06-01 10:43:28.818] [DEBUG] app - GET /socket.io/?EIO=3&transport=polling&t=1496285008809-168
[2017-06-01 10:43:28.934] [DEBUG] app - GET /css/bigwoods.ui.mobile.css
[2017-06-01 10:43:28.935] [DEBUG] app - GET /js/wxConfig.js
[2017-06-01 10:43:28.937] [DEBUG] app - GET /js/bigwoods.ui.mobile.js
[2017-06-01 10:43:28.970] [DEBUG] app - GET /img/logo-index.png
[2017-06-01 10:43:29.200] [DEBUG] app - GET /maps/swiper.js.map
[2017-06-01 10:43:29.299] [DEBUG] app - GET /img/logo.png
[2017-06-01 10:43:29.300] [DEBUG] app - GET /img/banner01.jpg
[2017-06-01 10:43:29.301] [DEBUG] app - GET /img/banner02.jpg
[2017-06-01 10:43:29.324] [DEBUG] app - GET /img/banner03.jpg
[2017-06-01 10:43:29.397] [DEBUG] app - GET /b328260e96a2de7642e7.hot-update.json
[2017-06-01 10:43:29.562] [DEBUG] app - GET /products/getListData
[2017-06-01 10:43:29.582] [DEBUG] app - GET /img/brush/maoshuagun.jpg
[2017-06-01 10:43:29.583] [DEBUG] app - GET /img/brush/futishua.png
[2017-06-01 10:43:29.584] [DEBUG] app - GET /img/brush/moliaosi.jpg
[2017-06-01 10:43:29.586] [DEBUG] app - GET /img/brush/mugongjixieshua.jpg
[2017-06-01 10:43:29.589] [DEBUG] app - GET /img/brush/saolushua.jpg
[2017-06-01 10:43:29.595] [DEBUG] app - GET /img/brush/jiqirensaodishua.jpg
[2017-06-01 10:43:29.598] [DEBUG] app - GET /img/carousel/001/1495173061094/1495173073171.jpeg
[2017-06-01 10:43:29.937] [INFO] weiXin.js - access_token未过期,查表获取jsapi_ticket成功
[2017-06-01 10:43:29.937] [ERROR] weiXin.js - kgt8ON7yVITDhtdwci0qeQwz2lhCIGDmNk37RU0VYuOJyDO2TOORaosDRQrU52qi4KZWPrnJk-M2LoePGr9mIA
[2017-06-01 10:43:29.938] [DEBUG] app - POST /wx/getSDKParams
[2017-06-01 10:43:34.814] [DEBUG] app - GET /socket.io/?EIO=3&transport=polling&t=1496285014809-169
[2017-06-01 10:43:34.816] [DEBUG] app - GET /socket.io/?EIO=3&transport=polling&t=1496285014810-169
[2017-06-01 10:43:40.817] [DEBUG] app - GET /socket.io/?EIO=3&transport=polling&t=1496285020809-170
[2017-06-01 10:43:40.819] [DEBUG] app - GET /socket.io/?EIO=3&transport=polling&t=1496285020810-170
[2017-06-01 10:43:46.820] [DEBUG] app - GET /socket.io/?EIO=3&transport=polling&t=1496285026809-171
[2017-06-01 10:43:46.822] [DEBUG] app - GET /socket.io/?EIO=3&transport=polling&t=1496285026810-171
[2017-06-01 10:43:52.816] [DEBUG] app - GET /socket.io/?EIO=3&transport=polling&t=1496285032808-172
[2017-06-01 10:43:52.818] [DEBUG] app - GET /socket.io/?EIO=3&transport=polling&t=1496285032810-172
[2017-06-01 10:43:59.823] [DEBUG] app - GET /socket.io/?EIO=3&transport=polling&t=1496285039810-173
[2017-06-01 10:43:59.826] [DEBUG] app - GET /socket.io/?EIO=3&transport=polling&t=1496285039812-173
[2017-06-01 10:44:05.819] [DEBUG] app - GET /socket.io/?EIO=3&transport=polling&t=1496285045809-174
[2017-06-01 10:44:05.823] [DEBUG] app - GET /socket.io/?EIO=3&transport=polling&t=1496285045810-174
[2017-06-01 10:44:11.813] [DEBUG] app - GET /socket.io/?EIO=3&transport=polling&t=1496285051808-175
[2017-06-01 10:44:11.815] [DEBUG] app - GET /socket.io/?EIO=3&transport=polling&t=1496285051809-175
[2017-06-01 10:44:17.819] [DEBUG] app - GET /socket.io/?EIO=3&transport=polling&t=1496285057808-176
[2017-06-01 10:44:17.824] [DEBUG] app - GET /socket.io/?EIO=3&transport=polling&t=1496285057809-176
[2017-06-01 10:44:23.813] [DEBUG] app - GET /socket.io/?EIO=3&transport=polling&t=1496285063808-177
[2017-06-01 10:44:23.818] [DEBUG] app - GET /socket.io/?EIO=3&transport=polling&t=1496285063808-177
[2017-06-01 10:44:29.826] [DEBUG] app - GET /socket.io/?EIO=3&transport=polling&t=1496285069808-178
[2017-06-01 10:44:29.829] [DEBUG] app - GET /socket.io/?EIO=3&transport=polling&t=1496285069810-178
[2017-06-01 10:44:35.812] [DEBUG] app - GET /socket.io/?EIO=3&transport=polling&t=1496285075808-179
[2017-06-01 10:44:35.815] [DEBUG] app - GET /socket.io/?EIO=3&transport=polling&t=1496285075808-179
[2017-06-01 10:44:41.813] [DEBUG] app - GET /socket.io/?EIO=3&transport=polling&t=1496285081809-180
[2017-06-01 10:44:41.817] [DEBUG] app - GET /socket.io/?EIO=3&transport=polling&t=1496285081809-180
[2017-06-01 10:44:47.817] [DEBUG] app - GET /socket.io/?EIO=3&transport=polling&t=1496285087808-181
[2017-06-01 10:44:47.819] [DEBUG] app - GET /socket.io/?EIO=3&transport=polling&t=1496285087810-181
[2017-06-01 10:44:53.813] [DEBUG] app - GET /socket.io/?EIO=3&transport=polling&t=1496285093808-182
[2017-06-01 10:44:53.816] [DEBUG] app - GET /socket.io/?EIO=3&transport=polling&t=1496285093809-182
[2017-06-01 10:44:59.816] [DEBUG] app - GET /socket.io/?EIO=3&transport=polling&t=1496285099808-183
[2017-06-01 10:44:59.818] [DEBUG] app - GET /socket.io/?EIO=3&transport=polling&t=1496285099809-183
[2017-06-01 10:45:05.820] [DEBUG] app - GET /socket.io/?EIO=3&transport=polling&t=1496285105811-184
[2017-06-01 10:45:05.821] [DEBUG] app - GET /socket.io/?EIO=3&transport=polling&t=1496285105811-184
[2017-06-01 10:45:11.816] [DEBUG] app - GET /socket.io/?EIO=3&transport=polling&t=1496285111808-185
[2017-06-01 10:45:11.823] [DEBUG] app - GET /socket.io/?EIO=3&transport=polling&t=1496285111809-185
[2017-06-01 10:45:17.812] [DEBUG] app - GET /socket.io/?EIO=3&transport=polling&t=1496285117808-186
[2017-06-01 10:45:17.814] [DEBUG] app - GET /socket.io/?EIO=3&transport=polling&t=1496285117809-186
[2017-06-01 10:45:23.819] [DEBUG] app - GET /socket.io/?EIO=3&transport=polling&t=1496285123808-187
[2017-06-01 10:45:23.826] [DEBUG] app - GET /socket.io/?EIO=3&transport=polling&t=1496285123811-187
[2017-06-01 10:45:29.819] [DEBUG] app - GET /socket.io/?EIO=3&transport=polling&t=1496285129807-188
[2017-06-01 10:45:29.820] [DEBUG] app - GET /socket.io/?EIO=3&transport=polling&t=1496285129809-188
[2017-06-01 10:45:35.818] [DEBUG] app - GET /socket.io/?EIO=3&transport=polling&t=1496285135808-189
[2017-06-01 10:45:35.819] [DEBUG] app - GET /socket.io/?EIO=3&transport=polling&t=1496285135809-189
[2017-06-01 10:45:41.823] [DEBUG] app - GET /socket.io/?EIO=3&transport=polling&t=1496285141808-190
[2017-06-01 10:45:41.829] [DEBUG] app - GET /socket.io/?EIO=3&transport=polling&t=1496285141810-190
[2017-06-01 10:45:47.823] [DEBUG] app - GET /socket.io/?EIO=3&transport=polling&t=1496285147808-191
[2017-06-01 10:45:47.827] [DEBUG] app - GET /socket.io/?EIO=3&transport=polling&t=1496285147810-191
[2017-06-01 10:45:53.813] [DEBUG] app - GET /socket.io/?EIO=3&transport=polling&t=1496285153808-192
[2017-06-01 10:45:53.816] [DEBUG] app - GET /socket.io/?EIO=3&transport=polling&t=1496285153809-192
[2017-06-01 10:45:59.822] [DEBUG] app - GET /socket.io/?EIO=3&transport=polling&t=1496285159808-193
[2017-06-01 10:45:59.825] [DEBUG] app - GET /socket.io/?EIO=3&transport=polling&t=1496285159810-193
[2017-06-01 10:46:06.829] [DEBUG] app - GET /socket.io/?EIO=3&transport=polling&t=1496285166807-194
[2017-06-01 10:46:06.832] [DEBUG] app - GET /socket.io/?EIO=3&transport=polling&t=1496285166810-194
[2017-06-01 10:46:12.820] [DEBUG] app - GET /socket.io/?EIO=3&transport=polling&t=1496285172807-195
[2017-06-01 10:46:12.824] [DEBUG] app - GET /socket.io/?EIO=3&transport=polling&t=1496285172809-195
[2017-06-01 10:46:18.812] [DEBUG] app - GET /socket.io/?EIO=3&transport=polling&t=1496285178808-196
[2017-06-01 10:46:18.815] [DEBUG] app - GET /socket.io/?EIO=3&transport=polling&t=1496285178808-196
[2017-06-01 10:46:24.818] [DEBUG] app - GET /socket.io/?EIO=3&transport=polling&t=1496285184808-197
[2017-06-01 10:46:24.820] [DEBUG] app - GET /socket.io/?EIO=3&transport=polling&t=1496285184809-197
[2017-06-01 10:46:30.812] [DEBUG] app - GET /socket.io/?EIO=3&transport=polling&t=1496285190807-198
[2017-06-01 10:46:31.816] [DEBUG] app - GET /socket.io/?EIO=3&transport=polling&t=1496285191807-198
[2017-06-01 10:46:37.815] [DEBUG] app - GET /socket.io/?EIO=3&transport=polling&t=1496285197809-199
[2017-06-01 10:46:37.821] [DEBUG] app - GET /socket.io/?EIO=3&transport=polling&t=1496285197811-199
[2017-06-01 10:46:43.820] [DEBUG] app - GET /socket.io/?EIO=3&transport=polling&t=1496285203808-200
[2017-06-01 10:46:43.826] [DEBUG] app - GET /socket.io/?EIO=3&transport=polling&t=1496285203810-200
[2017-06-01 10:46:49.812] [DEBUG] app - GET /socket.io/?EIO=3&transport=polling&t=1496285209808-201
[2017-06-01 10:46:49.815] [DEBUG] app - GET /socket.io/?EIO=3&transport=polling&t=1496285209808-201
[2017-06-01 10:46:55.814] [DEBUG] app - GET /socket.io/?EIO=3&transport=polling&t=1496285215807-202
[2017-06-01 10:46:55.817] [DEBUG] app - GET /socket.io/?EIO=3&transport=polling&t=1496285215808-202
[2017-06-01 10:47:01.821] [DEBUG] app - GET /socket.io/?EIO=3&transport=polling&t=1496285221809-203
[2017-06-01 10:47:01.823] [DEBUG] app - GET /socket.io/?EIO=3&transport=polling&t=1496285221811-203
[2017-06-01 10:47:07.812] [DEBUG] app - GET /socket.io/?EIO=3&transport=polling&t=1496285227807-204
[2017-06-01 10:47:07.813] [DEBUG] app - GET /socket.io/?EIO=3&transport=polling&t=1496285227807-204
[2017-06-01 10:47:13.814] [DEBUG] app - GET /socket.io/?EIO=3&transport=polling&t=1496285233808-205
[2017-06-01 10:47:13.816] [DEBUG] app - GET /socket.io/?EIO=3&transport=polling&t=1496285233809-205
[2017-06-01 10:47:19.822] [DEBUG] app - GET /socket.io/?EIO=3&transport=polling&t=1496285239809-206
[2017-06-01 10:47:19.826] [DEBUG] app - GET /socket.io/?EIO=3&transport=polling&t=1496285239811-206
[2017-06-01 10:47:25.822] [DEBUG] app - GET /socket.io/?EIO=3&transport=polling&t=1496285245809-207
[2017-06-01 10:47:25.836] [DEBUG] app - GET /socket.io/?EIO=3&transport=polling&t=1496285245811-207
[2017-06-01 10:47:31.823] [DEBUG] app - GET /socket.io/?EIO=3&transport=polling&t=1496285251808-208
[2017-06-01 10:47:31.825] [DEBUG] app - GET /socket.io/?EIO=3&transport=polling&t=1496285251811-208
[2017-06-01 10:47:37.817] [DEBUG] app - GET /socket.io/?EIO=3&transport=polling&t=1496285257809-209
[2017-06-01 10:47:37.819] [DEBUG] app - GET /socket.io/?EIO=3&transport=polling&t=1496285257810-209
[2017-06-01 10:47:43.821] [DEBUG] app - GET /socket.io/?EIO=3&transport=polling&t=1496285263809-210
[2017-06-01 10:47:43.823] [DEBUG] app - GET /socket.io/?EIO=3&transport=polling&t=1496285263813-210
[2017-06-01 10:47:49.814] [DEBUG] app - GET /socket.io/?EIO=3&transport=polling&t=1496285269809-211
[2017-06-01 10:47:49.816] [DEBUG] app - GET /socket.io/?EIO=3&transport=polling&t=1496285269809-211
[2017-06-01 10:47:55.828] [DEBUG] app - GET /socket.io/?EIO=3&transport=polling&t=1496285275809-212
[2017-06-01 10:47:55.831] [DEBUG] app - GET /socket.io/?EIO=3&transport=polling&t=1496285275811-212
[2017-06-01 10:48:01.828] [DEBUG] app - GET /socket.io/?EIO=3&transport=polling&t=1496285281812-213
[2017-06-01 10:48:01.830] [DEBUG] app - GET /socket.io/?EIO=3&transport=polling&t=1496285281813-213
[2017-06-01 10:48:07.817] [DEBUG] app - GET /socket.io/?EIO=3&transport=polling&t=1496285287809-214
[2017-06-01 10:48:07.819] [DEBUG] app - GET /socket.io/?EIO=3&transport=polling&t=1496285287810-214
[2017-06-01 10:48:13.823] [DEBUG] app - GET /socket.io/?EIO=3&transport=polling&t=1496285293808-215
[2017-06-01 10:48:13.840] [DEBUG] app - GET /socket.io/?EIO=3&transport=polling&t=1496285293818-215
[2017-06-01 10:48:19.814] [DEBUG] app - GET /socket.io/?EIO=3&transport=polling&t=1496285299808-216
[2017-06-01 10:48:19.818] [DEBUG] app - GET /socket.io/?EIO=3&transport=polling&t=1496285299808-216
[2017-06-01 10:48:25.817] [DEBUG] app - GET /socket.io/?EIO=3&transport=polling&t=1496285305807-217
[2017-06-01 10:48:25.819] [DEBUG] app - GET /socket.io/?EIO=3&transport=polling&t=1496285305809-217
[2017-06-01 10:48:31.812] [DEBUG] app - GET /socket.io/?EIO=3&transport=polling&t=1496285311808-218
[2017-06-01 10:48:31.815] [DEBUG] app - GET /socket.io/?EIO=3&transport=polling&t=1496285311808-218
[2017-06-01 10:48:37.820] [DEBUG] app - GET /socket.io/?EIO=3&transport=polling&t=1496285317808-219
[2017-06-01 10:48:38.819] [DEBUG] app - GET /socket.io/?EIO=3&transport=polling&t=1496285318807-219
[2017-06-01 10:48:43.813] [DEBUG] app - GET /socket.io/?EIO=3&transport=polling&t=1496285323807-220
[2017-06-01 10:48:44.816] [DEBUG] app - GET /socket.io/?EIO=3&transport=polling&t=1496285324807-220
[2017-06-01 10:48:49.814] [DEBUG] app - GET /socket.io/?EIO=3&transport=polling&t=1496285329807-221
[2017-06-01 10:48:50.822] [DEBUG] app - GET /socket.io/?EIO=3&transport=polling&t=1496285330808-221
[2017-06-01 10:48:56.814] [DEBUG] app - GET /socket.io/?EIO=3&transport=polling&t=1496285336808-222
[2017-06-01 10:48:56.820] [DEBUG] app - GET /socket.io/?EIO=3&transport=polling&t=1496285336808-222
[2017-06-01 10:49:02.831] [DEBUG] app - GET /socket.io/?EIO=3&transport=polling&t=1496285342808-223
[2017-06-01 10:49:02.836] [DEBUG] app - GET /socket.io/?EIO=3&transport=polling&t=1496285342811-223
[2017-06-01 10:49:08.816] [DEBUG] app - GET /socket.io/?EIO=3&transport=polling&t=1496285348807-224
[2017-06-01 10:49:08.817] [DEBUG] app - GET /socket.io/?EIO=3&transport=polling&t=1496285348808-224
[2017-06-01 10:49:14.821] [DEBUG] app - GET /socket.io/?EIO=3&transport=polling&t=1496285354808-225
[2017-06-01 10:49:14.841] [DEBUG] app - GET /socket.io/?EIO=3&transport=polling&t=1496285354809-225
[2017-06-01 10:49:20.812] [DEBUG] app - GET /socket.io/?EIO=3&transport=polling&t=1496285360808-226
[2017-06-01 10:49:20.816] [DEBUG] app - GET /socket.io/?EIO=3&transport=polling&t=1496285360808-226
[2017-06-01 10:49:26.817] [DEBUG] app - GET /socket.io/?EIO=3&transport=polling&t=1496285366808-227
[2017-06-01 10:49:26.819] [DEBUG] app - GET /socket.io/?EIO=3&transport=polling&t=1496285366809-227
[2017-06-01 10:49:32.819] [DEBUG] app - GET /socket.io/?EIO=3&transport=polling&t=1496285372809-228
[2017-06-01 10:49:32.824] [DEBUG] app - GET /socket.io/?EIO=3&transport=polling&t=1496285372811-228
[2017-06-01 10:49:38.813] [DEBUG] app - GET /socket.io/?EIO=3&transport=polling&t=1496285378808-229
[2017-06-01 10:49:38.816] [DEBUG] app - GET /socket.io/?EIO=3&transport=polling&t=1496285378808-229
[2017-06-01 10:49:44.816] [DEBUG] app - GET /socket.io/?EIO=3&transport=polling&t=1496285384809-230
[2017-06-01 10:49:44.823] [DEBUG] app - GET /socket.io/?EIO=3&transport=polling&t=1496285384810-230
[2017-06-01 10:49:50.817] [DEBUG] app - GET /socket.io/?EIO=3&transport=polling&t=1496285390808-231
[2017-06-01 10:49:50.820] [DEBUG] app - GET /socket.io/?EIO=3&transport=polling&t=1496285390809-231
[2017-06-01 10:49:56.825] [DEBUG] app - GET /socket.io/?EIO=3&transport=polling&t=1496285396808-232
[2017-06-01 10:49:56.829] [DEBUG] app - GET /socket.io/?EIO=3&transport=polling&t=1496285396810-232
[2017-06-01 10:50:02.814] [DEBUG] app - GET /socket.io/?EIO=3&transport=polling&t=1496285402809-233
[2017-06-01 10:50:02.817] [DEBUG] app - GET /socket.io/?EIO=3&transport=polling&t=1496285402809-233
[2017-06-01 10:50:08.814] [DEBUG] app - GET /socket.io/?EIO=3&transport=polling&t=1496285408808-234
[2017-06-01 10:50:08.815] [DEBUG] app - GET /socket.io/?EIO=3&transport=polling&t=1496285408809-234
[2017-06-01 10:57:16.112] [DEBUG] app - GET /socket.io/?EIO=3&transport=polling&t=1496285827820-9
[2017-06-01 10:57:16.119] [DEBUG] app - GET /socket.io/?EIO=3&transport=polling&t=1496285832810-10
[2017-06-01 10:57:16.123] [DEBUG] app - GET /socket.io/?EIO=3&transport=polling&t=1496285833810-10
[2017-06-01 10:57:16.154] [DEBUG] app - GET /socket.io/?EIO=3&transport=polling&t=1496285827820-9
[2017-06-01 10:57:21.827] [DEBUG] app - GET /socket.io/?EIO=3&transport=polling&t=1496285841812-10
[2017-06-01 10:57:21.840] [DEBUG] app - GET /socket.io/?EIO=3&transport=polling&t=1496285841824-11
[2017-06-01 10:57:21.858] [DEBUG] app - GET /socket.io/?EIO=3&transport=polling&t=1496285841825-11
[2017-06-01 10:57:22.814] [DEBUG] app - GET /socket.io/?EIO=3&transport=polling&t=1496285842809-10
[2017-06-01 10:57:24.782] [DEBUG] app - GET /css/bigwoods.ui.mobile.css
[2017-06-01 10:57:24.785] [DEBUG] app - GET /js/wxConfig.js
[2017-06-01 10:57:24.787] [DEBUG] app - GET /img/logo-index.png
[2017-06-01 10:57:24.788] [DEBUG] app - GET /js/bigwoods.ui.mobile.js
[2017-06-01 10:57:25.087] [DEBUG] app - GET /img/logo.png
[2017-06-01 10:57:25.089] [DEBUG] app - GET /img/banner01.jpg
[2017-06-01 10:57:25.090] [DEBUG] app - GET /img/banner02.jpg
[2017-06-01 10:57:25.091] [DEBUG] app - GET /img/banner03.jpg
[2017-06-01 10:57:25.191] [DEBUG] app - GET /img/favicon.ico
[2017-06-01 10:57:25.319] [DEBUG] app - GET /products/getListData
[2017-06-01 10:57:25.391] [DEBUG] app - GET /img/brush/maoshuagun.jpg
[2017-06-01 10:57:25.394] [DEBUG] app - GET /img/brush/mugongjixieshua.jpg
[2017-06-01 10:57:25.395] [DEBUG] app - GET /img/brush/moliaosi.jpg
[2017-06-01 10:57:25.410] [DEBUG] app - GET /img/brush/futishua.png
[2017-06-01 10:57:25.414] [DEBUG] app - GET /img/carousel/001/1495173061094/1495173073171.jpeg
[2017-06-01 10:57:25.417] [DEBUG] app - GET /img/brush/saolushua.jpg
[2017-06-01 10:57:25.420] [DEBUG] app - GET /img/brush/jiqirensaodishua.jpg
[2017-06-01 10:57:25.758] [INFO] weiXin.js - access_token未过期,查表获取jsapi_ticket成功
[2017-06-01 10:57:25.758] [ERROR] weiXin.js - kgt8ON7yVITDhtdwci0qeQwz2lhCIGDmNk37RU0VYuOJyDO2TOORaosDRQrU52qi4KZWPrnJk-M2LoePGr9mIA
[2017-06-01 10:57:25.759] [DEBUG] app - POST /wx/getSDKParams
[2017-06-01 10:57:26.890] [DEBUG] app - GET /c50e5aaa28c90c6dbff7.hot-update.json
[2017-06-01 10:57:26.988] [DEBUG] app - GET /c50e5aaa28c90c6dbff7.hot-update.json
[2017-06-01 10:57:27.005] [DEBUG] app - GET /c50e5aaa28c90c6dbff7.hot-update.json
[2017-06-01 10:57:27.822] [DEBUG] app - GET /socket.io/?EIO=3&transport=polling&t=1496285847808-11
[2017-06-01 10:57:27.828] [DEBUG] app - GET /socket.io/?EIO=3&transport=polling&t=1496285847820-12
[2017-06-01 10:57:27.836] [DEBUG] app - GET /socket.io/?EIO=3&transport=polling&t=1496285847828-12
[2017-06-01 10:57:28.824] [DEBUG] app - GET /socket.io/?EIO=3&transport=polling&t=1496285848809-11
[2017-06-01 10:57:34.824] [DEBUG] app - GET /socket.io/?EIO=3&transport=polling&t=1496285854808-12
[2017-06-01 10:57:34.827] [DEBUG] app - GET /socket.io/?EIO=3&transport=polling&t=1496285854809-13
[2017-06-01 10:57:34.831] [DEBUG] app - GET /socket.io/?EIO=3&transport=polling&t=1496285854811-12
[2017-06-01 10:57:34.839] [DEBUG] app - GET /socket.io/?EIO=3&transport=polling&t=1496285854812-13
[2017-06-01 10:57:40.823] [DEBUG] app - GET /socket.io/?EIO=3&transport=polling&t=1496285860808-13
[2017-06-01 10:57:40.829] [DEBUG] app - GET /socket.io/?EIO=3&transport=polling&t=1496285860809-13
[2017-06-01 10:57:40.830] [DEBUG] app - GET /socket.io/?EIO=3&transport=polling&t=1496285860811-14
[2017-06-01 10:57:40.834] [DEBUG] app - GET /socket.io/?EIO=3&transport=polling&t=1496285860812-14
[2017-06-01 10:57:46.119] [DEBUG] app - GET /css/bigwoods.ui.mobile.css
[2017-06-01 10:57:46.121] [DEBUG] app - GET /js/wxConfig.js
[2017-06-01 10:57:46.125] [DEBUG] app - GET /js/bigwoods.ui.mobile.js
[2017-06-01 10:57:46.176] [DEBUG] app - GET /img/logo-index.png
[2017-06-01 10:57:46.735] [INFO] weiXin.js - access_token未过期,查表获取jsapi_ticket成功
[2017-06-01 10:57:46.736] [ERROR] weiXin.js - kgt8ON7yVITDhtdwci0qeQwz2lhCIGDmNk37RU0VYuOJyDO2TOORaosDRQrU52qi4KZWPrnJk-M2LoePGr9mIA
[2017-06-01 10:57:46.736] [DEBUG] app - POST /wx/getSDKParams
[2017-06-01 10:57:46.767] [DEBUG] app - GET /products/getListData
[2017-06-01 10:57:46.816] [DEBUG] app - GET /img/logo.png
[2017-06-01 10:57:46.818] [DEBUG] app - GET /img/banner01.jpg
[2017-06-01 10:57:46.819] [DEBUG] app - GET /img/banner02.jpg
[2017-06-01 10:57:46.820] [DEBUG] app - GET /img/banner03.jpg
[2017-06-01 10:57:46.855] [DEBUG] app - GET /socket.io/?EIO=3&transport=polling&t=1496285866811-15
[2017-06-01 10:57:46.912] [DEBUG] app - GET /img/brush/maoshuagun.jpg
[2017-06-01 10:57:46.935] [DEBUG] app - GET /img/brush/saolushua.jpg
[2017-06-01 10:57:46.936] [DEBUG] app - GET /img/brush/jiqirensaodishua.jpg
[2017-06-01 10:57:46.937] [DEBUG] app - GET /img/brush/futishua.png
[2017-06-01 10:57:46.938] [DEBUG] app - GET /img/brush/moliaosi.jpg
[2017-06-01 10:57:46.943] [DEBUG] app - GET /img/brush/mugongjixieshua.jpg
[2017-06-01 10:57:46.951] [DEBUG] app - GET /img/carousel/001/1495173061094/1495173073171.jpeg
[2017-06-01 10:57:47.015] [DEBUG] app - GET /socket.io/?EIO=3&transport=polling&t=1496285867003-15
[2017-06-01 10:57:47.041] [DEBUG] app - GET /c50e5aaa28c90c6dbff7.hot-update.json
[2017-06-01 10:57:47.096] [DEBUG] app - GET /c50e5aaa28c90c6dbff7.hot-update.json
[2017-06-01 10:57:47.269] [DEBUG] app - GET /socket.io/?EIO=3&transport=polling&t=1496285867252-14
[2017-06-01 10:57:47.320] [DEBUG] app - GET /socket.io/?EIO=3&transport=polling&t=1496285867301-14
[2017-06-01 10:57:47.639] [DEBUG] app - GET /img/favicon.ico
[2017-06-01 10:57:53.844] [DEBUG] app - GET /socket.io/?EIO=3&transport=polling&t=1496285873809-16
[2017-06-01 10:57:53.846] [DEBUG] app - GET /socket.io/?EIO=3&transport=polling&t=1496285873808-15
[2017-06-01 10:57:53.852] [DEBUG] app - GET /socket.io/?EIO=3&transport=polling&t=1496285873809-15
[2017-06-01 10:57:53.859] [DEBUG] app - GET /socket.io/?EIO=3&transport=polling&t=1496285873809-16
[2017-06-01 10:57:59.818] [DEBUG] app - GET /socket.io/?EIO=3&transport=polling&t=1496285879810-17
[2017-06-01 10:57:59.820] [DEBUG] app - GET /socket.io/?EIO=3&transport=polling&t=1496285879813-17
[2017-06-01 10:57:59.831] [DEBUG] app - GET /socket.io/?EIO=3&transport=polling&t=1496285879815-16
[2017-06-01 10:57:59.833] [DEBUG] app - GET /socket.io/?EIO=3&transport=polling&t=1496285879816-16
[2017-06-01 10:58:04.331] [DEBUG] app - GET /css/bigwoods.ui.mobile.css
[2017-06-01 10:58:04.339] [DEBUG] app - GET /js/wxConfig.js
[2017-06-01 10:58:04.340] [DEBUG] app - GET /img/logo-index.png
[2017-06-01 10:58:04.341] [DEBUG] app - GET /js/bigwoods.ui.mobile.js
[2017-06-01 10:58:04.686] [DEBUG] app - GET /img/logo.png
[2017-06-01 10:58:04.721] [DEBUG] app - GET /img/banner01.jpg
[2017-06-01 10:58:04.724] [DEBUG] app - GET /img/banner02.jpg
[2017-06-01 10:58:04.728] [DEBUG] app - GET /img/banner03.jpg
[2017-06-01 10:58:04.840] [INFO] weiXin.js - access_token未过期,查表获取jsapi_ticket成功
[2017-06-01 10:58:04.841] [ERROR] weiXin.js - kgt8ON7yVITDhtdwci0qeQwz2lhCIGDmNk37RU0VYuOJyDO2TOORaosDRQrU52qi4KZWPrnJk-M2LoePGr9mIA
[2017-06-01 10:58:04.845] [DEBUG] app - POST /wx/getSDKParams
[2017-06-01 10:58:04.939] [DEBUG] app - GET /products/getListData
[2017-06-01 10:58:04.979] [DEBUG] app - GET /img/brush/maoshuagun.jpg
[2017-06-01 10:58:04.985] [DEBUG] app - GET /img/brush/futishua.png
[2017-06-01 10:58:04.989] [DEBUG] app - GET /img/brush/moliaosi.jpg
[2017-06-01 10:58:04.996] [DEBUG] app - GET /img/brush/mugongjixieshua.jpg
[2017-06-01 10:58:04.999] [DEBUG] app - GET /img/brush/saolushua.jpg
[2017-06-01 10:58:05.002] [DEBUG] app - GET /img/brush/jiqirensaodishua.jpg
[2017-06-01 10:58:05.012] [DEBUG] app - GET /img/carousel/001/1495173061094/1495173073171.jpeg
[2017-06-01 10:58:05.091] [DEBUG] app - GET /c50e5aaa28c90c6dbff7.hot-update.json
[2017-06-01 10:58:05.094] [DEBUG] app - GET /img/favicon.ico
[2017-06-01 10:58:05.117] [DEBUG] app - GET /c50e5aaa28c90c6dbff7.hot-update.json
[2017-06-01 10:58:05.828] [DEBUG] app - GET /socket.io/?EIO=3&transport=polling&t=1496285885813-17
[2017-06-01 10:58:05.830] [DEBUG] app - GET /socket.io/?EIO=3&transport=polling&t=1496285885809-18
[2017-06-01 10:58:05.831] [DEBUG] app - GET /socket.io/?EIO=3&transport=polling&t=1496285885814-17
[2017-06-01 10:58:05.840] [DEBUG] app - GET /socket.io/?EIO=3&transport=polling&t=1496285885809-18
[2017-06-01 10:58:11.814] [DEBUG] app - GET /socket.io/?EIO=3&transport=polling&t=1496285891809-18
[2017-06-01 10:58:11.839] [DEBUG] app - GET /socket.io/?EIO=3&transport=polling&t=1496285891824-18
[2017-06-01 10:58:11.887] [DEBUG] app - GET /socket.io/?EIO=3&transport=polling&t=1496285891881-19
[2017-06-01 10:58:11.916] [DEBUG] app - GET /socket.io/?EIO=3&transport=polling&t=1496285891892-19
[2017-06-01 10:58:17.833] [DEBUG] app - GET /socket.io/?EIO=3&transport=polling&t=1496285897825-19
[2017-06-01 10:58:17.840] [DEBUG] app - GET /socket.io/?EIO=3&transport=polling&t=1496285897825-19
[2017-06-01 10:58:18.824] [DEBUG] app - GET /socket.io/?EIO=3&transport=polling&t=1496285898810-20
[2017-06-01 10:58:18.831] [DEBUG] app - GET /socket.io/?EIO=3&transport=polling&t=1496285898819-20
[2017-06-01 10:58:22.848] [DEBUG] app - GET /socket.io/?EIO=3&transport=polling&t=1496285902843-20
[2017-06-01 10:58:22.851] [DEBUG] app - GET /socket.io/?EIO=3&transport=polling&t=1496285902843-20
[2017-06-01 10:58:24.823] [DEBUG] app - GET /socket.io/?EIO=3&transport=polling&t=1496285904823-21
[2017-06-01 10:58:25.825] [DEBUG] app - GET /socket.io/?EIO=3&transport=polling&t=1496285905809-21
[2017-06-01 10:58:28.010] [DEBUG] app - GET /socket.io/?EIO=3&transport=polling&t=1496285907994-21
[2017-06-01 10:58:28.012] [DEBUG] app - GET /socket.io/?EIO=3&transport=polling&t=1496285907995-21
[2017-06-01 10:58:31.825] [DEBUG] app - GET /socket.io/?EIO=3&transport=polling&t=1496285911810-22
[2017-06-01 10:58:32.601] [DEBUG] app - GET /socket.io/?EIO=3&transport=polling&t=1496285912596-22
[2017-06-01 10:58:33.028] [DEBUG] app - GET /socket.io/?EIO=3&transport=polling&t=1496285913015-22
[2017-06-01 10:58:33.032] [DEBUG] app - GET /socket.io/?EIO=3&transport=polling&t=1496285913017-22
[2017-06-01 10:58:34.223] [DEBUG] app - GET /css/bigwoods.ui.mobile.css
[2017-06-01 10:58:34.224] [DEBUG] app - GET /js/wxConfig.js
[2017-06-01 10:58:34.228] [DEBUG] app - GET /js/bigwoods.ui.mobile.js
[2017-06-01 10:58:34.252] [DEBUG] app - GET /img/logo-index.png
[2017-06-01 10:58:34.423] [DEBUG] app - GET /img/logo.png
[2017-06-01 10:58:34.425] [DEBUG] app - GET /img/banner03.jpg
[2017-06-01 10:58:34.425] [DEBUG] app - GET /img/banner02.jpg
[2017-06-01 10:58:34.427] [DEBUG] app - GET /img/banner01.jpg
[2017-06-01 10:58:34.467] [DEBUG] app - GET /c50e5aaa28c90c6dbff7.hot-update.json
[2017-06-01 10:58:34.536] [DEBUG] app - GET /products/getListData
[2017-06-01 10:58:34.596] [DEBUG] app - GET /img/favicon.ico
[2017-06-01 10:58:34.621] [DEBUG] app - GET /img/brush/mugongjixieshua.jpg
[2017-06-01 10:58:34.622] [DEBUG] app - GET /img/brush/maoshuagun.jpg
[2017-06-01 10:58:34.622] [DEBUG] app - GET /img/brush/futishua.png
[2017-06-01 10:58:34.623] [DEBUG] app - GET /img/brush/moliaosi.jpg
[2017-06-01 10:58:34.629] [DEBUG] app - GET /img/brush/saolushua.jpg
[2017-06-01 10:58:34.635] [DEBUG] app - GET /img/brush/jiqirensaodishua.jpg
[2017-06-01 10:58:34.640] [DEBUG] app - GET /img/carousel/001/1495173061094/1495173073171.jpeg
[2017-06-01 10:58:34.680] [INFO] weiXin.js - access_token未过期,查表获取jsapi_ticket成功
[2017-06-01 10:58:34.680] [ERROR] weiXin.js - kgt8ON7yVITDhtdwci0qeQwz2lhCIGDmNk37RU0VYuOJyDO2TOORaosDRQrU52qi4KZWPrnJk-M2LoePGr9mIA
[2017-06-01 10:58:34.683] [DEBUG] app - POST /wx/getSDKParams
[2017-06-01 10:58:38.045] [DEBUG] app - GET /socket.io/?EIO=3&transport=polling&t=1496285918034-23
[2017-06-01 10:58:38.055] [DEBUG] app - GET /socket.io/?EIO=3&transport=polling&t=1496285918039-23
[2017-06-01 10:58:38.790] [DEBUG] app - GET /css/bigwoods.ui.mobile.css
[2017-06-01 10:58:38.790] [DEBUG] app - GET /js/wxConfig.js
[2017-06-01 10:58:38.793] [DEBUG] app - GET /js/bigwoods.ui.mobile.js
[2017-06-01 10:58:38.800] [DEBUG] app - GET /img/logo-index.png
[2017-06-01 10:58:38.967] [DEBUG] app - GET /img/logo.png
[2017-06-01 10:58:38.978] [DEBUG] app - GET /img/banner01.jpg
[2017-06-01 10:58:38.979] [DEBUG] app - GET /img/banner02.jpg
[2017-06-01 10:58:38.983] [DEBUG] app - GET /img/banner03.jpg
[2017-06-01 10:58:38.998] [INFO] weiXin.js - access_token未过期,查表获取jsapi_ticket成功
[2017-06-01 10:58:38.998] [ERROR] weiXin.js - kgt8ON7yVITDhtdwci0qeQwz2lhCIGDmNk37RU0VYuOJyDO2TOORaosDRQrU52qi4KZWPrnJk-M2LoePGr9mIA
[2017-06-01 10:58:38.999] [DEBUG] app - POST /wx/getSDKParams
[2017-06-01 10:58:39.058] [DEBUG] app - GET /c50e5aaa28c90c6dbff7.hot-update.json
[2017-06-01 10:58:39.095] [DEBUG] app - GET /img/favicon.ico
[2017-06-01 10:58:39.128] [DEBUG] app - GET /products/getListData
[2017-06-01 10:58:39.143] [DEBUG] app - GET /img/brush/maoshuagun.jpg
[2017-06-01 10:58:39.145] [DEBUG] app - GET /img/brush/futishua.png
[2017-06-01 10:58:39.148] [DEBUG] app - GET /img/brush/moliaosi.jpg
[2017-06-01 10:58:39.150] [DEBUG] app - GET /img/brush/mugongjixieshua.jpg
[2017-06-01 10:58:39.154] [DEBUG] app - GET /img/brush/saolushua.jpg
[2017-06-01 10:58:39.157] [DEBUG] app - GET /img/brush/jiqirensaodishua.jpg
[2017-06-01 10:58:39.166] [DEBUG] app - GET /img/carousel/001/1495173061094/1495173073171.jpeg
[2017-06-01 10:58:43.077] [DEBUG] app - GET /socket.io/?EIO=3&transport=polling&t=1496285923057-24
[2017-06-01 10:58:43.081] [DEBUG] app - GET /socket.io/?EIO=3&transport=polling&t=1496285923065-24
[2017-06-01 10:58:48.091] [DEBUG] app - GET /socket.io/?EIO=3&transport=polling&t=1496285928083-25
[2017-06-01 10:58:48.120] [DEBUG] app - GET /socket.io/?EIO=3&transport=polling&t=1496285928093-25
[2017-06-01 10:58:48.315] [DEBUG] app - GET /css/bigwoods.ui.mobile.css
[2017-06-01 10:58:48.316] [DEBUG] app - GET /js/wxConfig.js
[2017-06-01 10:58:48.319] [DEBUG] app - GET /js/bigwoods.ui.mobile.js
[2017-06-01 10:58:48.327] [DEBUG] app - GET /img/logo-index.png
[2017-06-01 10:58:48.438] [DEBUG] app - GET /img/logo.png
[2017-06-01 10:58:48.455] [DEBUG] app - GET /img/banner01.jpg
[2017-06-01 10:58:48.456] [DEBUG] app - GET /img/banner02.jpg
[2017-06-01 10:58:48.457] [DEBUG] app - GET /img/banner03.jpg
[2017-06-01 10:58:48.504] [DEBUG] app - GET /c50e5aaa28c90c6dbff7.hot-update.json
[2017-06-01 10:58:48.512] [INFO] weiXin.js - access_token未过期,查表获取jsapi_ticket成功
[2017-06-01 10:58:48.512] [ERROR] weiXin.js - kgt8ON7yVITDhtdwci0qeQwz2lhCIGDmNk37RU0VYuOJyDO2TOORaosDRQrU52qi4KZWPrnJk-M2LoePGr9mIA
[2017-06-01 10:58:48.515] [DEBUG] app - POST /wx/getSDKParams
[2017-06-01 10:58:48.604] [DEBUG] app - GET /products/getListData
[2017-06-01 10:58:48.644] [DEBUG] app - GET /img/brush/maoshuagun.jpg
[2017-06-01 10:58:48.644] [DEBUG] app - GET /img/brush/futishua.png
[2017-06-01 10:58:48.648] [DEBUG] app - GET /img/brush/moliaosi.jpg
[2017-06-01 10:58:48.649] [DEBUG] app - GET /img/brush/mugongjixieshua.jpg
[2017-06-01 10:58:48.651] [DEBUG] app - GET /img/brush/saolushua.jpg
[2017-06-01 10:58:48.653] [DEBUG] app - GET /img/brush/jiqirensaodishua.jpg
[2017-06-01 10:58:48.654] [DEBUG] app - GET /img/carousel/001/1495173061094/1495173073171.jpeg
[2017-06-01 10:58:53.125] [DEBUG] app - GET /socket.io/?EIO=3&transport=polling&t=1496285933117-26
[2017-06-01 10:58:53.132] [DEBUG] app - GET /socket.io/?EIO=3&transport=polling&t=1496285933122-26
[2017-06-01 10:58:58.814] [DEBUG] app - GET /socket.io/?EIO=3&transport=polling&t=1496285938808-27
[2017-06-01 10:58:58.818] [DEBUG] app - GET /socket.io/?EIO=3&transport=polling&t=1496285938809-27
[2017-06-01 10:59:04.822] [DEBUG] app - GET /socket.io/?EIO=3&transport=polling&t=1496285944808-28
[2017-06-01 10:59:04.824] [DEBUG] app - GET /socket.io/?EIO=3&transport=polling&t=1496285944809-28
[2017-06-01 10:59:09.296] [DEBUG] app - GET /css/bigwoods.ui.mobile.css
[2017-06-01 10:59:09.296] [DEBUG] app - GET /js/wxConfig.js
[2017-06-01 10:59:09.298] [DEBUG] app - GET /img/logo-index.png
[2017-06-01 10:59:09.298] [DEBUG] app - GET /js/bigwoods.ui.mobile.js
[2017-06-01 10:59:09.736] [DEBUG] app - GET /img/logo.png
[2017-06-01 10:59:09.737] [DEBUG] app - GET /img/banner01.jpg
[2017-06-01 10:59:09.737] [DEBUG] app - GET /img/banner02.jpg
[2017-06-01 10:59:09.746] [DEBUG] app - GET /img/banner03.jpg
[2017-06-01 10:59:09.771] [INFO] weiXin.js - access_token未过期,查表获取jsapi_ticket成功
[2017-06-01 10:59:09.771] [ERROR] weiXin.js - kgt8ON7yVITDhtdwci0qeQwz2lhCIGDmNk37RU0VYuOJyDO2TOORaosDRQrU52qi4KZWPrnJk-M2LoePGr9mIA
[2017-06-01 10:59:09.773] [DEBUG] app - POST /wx/getSDKParams
[2017-06-01 10:59:09.787] [DEBUG] app - GET /products/getListData
[2017-06-01 10:59:09.859] [DEBUG] app - GET /c50e5aaa28c90c6dbff7.hot-update.json
[2017-06-01 10:59:09.886] [DEBUG] app - GET /img/brush/maoshuagun.jpg
[2017-06-01 10:59:09.899] [DEBUG] app - GET /img/brush/futishua.png
[2017-06-01 10:59:09.902] [DEBUG] app - GET /img/brush/moliaosi.jpg
[2017-06-01 10:59:09.905] [DEBUG] app - GET /img/brush/mugongjixieshua.jpg
[2017-06-01 10:59:09.908] [DEBUG] app - GET /img/brush/saolushua.jpg
[2017-06-01 10:59:09.938] [DEBUG] app - GET /img/carousel/001/1495173061094/1495173073171.jpeg
[2017-06-01 10:59:09.941] [DEBUG] app - GET /img/brush/jiqirensaodishua.jpg
[2017-06-01 10:59:10.813] [DEBUG] app - GET /socket.io/?EIO=3&transport=polling&t=1496285950807-29
[2017-06-01 10:59:10.815] [DEBUG] app - GET /socket.io/?EIO=3&transport=polling&t=1496285950808-29
[2017-06-01 10:59:16.814] [DEBUG] app - GET /socket.io/?EIO=3&transport=polling&t=1496285956813-30
[2017-06-01 10:59:16.829] [DEBUG] app - GET /socket.io/?EIO=3&transport=polling&t=1496285956813-30
[2017-06-01 10:59:23.295] [DEBUG] app - GET /css/bigwoods.ui.mobile.css
[2017-06-01 10:59:23.296] [DEBUG] app - GET /js/wxConfig.js
[2017-06-01 10:59:23.298] [DEBUG] app - GET /img/logo-index.png
[2017-06-01 10:59:23.299] [DEBUG] app - GET /js/bigwoods.ui.mobile.js
[2017-06-01 10:59:23.662] [DEBUG] app - GET /img/logo.png
[2017-06-01 10:59:23.690] [DEBUG] app - GET /img/banner01.jpg
[2017-06-01 10:59:23.694] [DEBUG] app - GET /img/banner02.jpg
[2017-06-01 10:59:23.695] [DEBUG] app - GET /img/banner03.jpg
[2017-06-01 10:59:23.790] [DEBUG] app - GET /img/favicon.ico
[2017-06-01 10:59:23.820] [DEBUG] app - GET /c50e5aaa28c90c6dbff7.hot-update.json
[2017-06-01 10:59:23.826] [INFO] weiXin.js - access_token未过期,查表获取jsapi_ticket成功
[2017-06-01 10:59:23.826] [ERROR] weiXin.js - kgt8ON7yVITDhtdwci0qeQwz2lhCIGDmNk37RU0VYuOJyDO2TOORaosDRQrU52qi4KZWPrnJk-M2LoePGr9mIA
[2017-06-01 10:59:23.827] [DEBUG] app - POST /wx/getSDKParams
[2017-06-01 10:59:23.831] [DEBUG] app - GET /socket.io/?EIO=3&transport=polling&t=1496285963820-31
[2017-06-01 10:59:23.842] [DEBUG] app - GET /socket.io/?EIO=3&transport=polling&t=1496285963829-31
[2017-06-01 10:59:23.865] [DEBUG] app - GET /products/getListData
[2017-06-01 10:59:23.896] [DEBUG] app - GET /img/brush/maoshuagun.jpg
[2017-06-01 10:59:23.900] [DEBUG] app - GET /img/brush/futishua.png
[2017-06-01 10:59:23.901] [DEBUG] app - GET /img/brush/moliaosi.jpg
[2017-06-01 10:59:23.908] [DEBUG] app - GET /img/brush/mugongjixieshua.jpg
[2017-06-01 10:59:23.908] [DEBUG] app - GET /img/brush/saolushua.jpg
[2017-06-01 10:59:23.910] [DEBUG] app - GET /img/brush/jiqirensaodishua.jpg
[2017-06-01 10:59:23.919] [DEBUG] app - GET /img/carousel/001/1495173061094/1495173073171.jpeg
[2017-06-01 10:59:29.816] [DEBUG] app - GET /socket.io/?EIO=3&transport=polling&t=1496285969809-32
[2017-06-01 10:59:29.819] [DEBUG] app - GET /socket.io/?EIO=3&transport=polling&t=1496285969813-32
[2017-06-01 10:59:35.810] [DEBUG] app - GET /socket.io/?EIO=3&transport=polling&t=1496285975809-33
[2017-06-01 10:59:36.818] [DEBUG] app - GET /socket.io/?EIO=3&transport=polling&t=1496285976809-33
