[2017-05-08 09:14:55.374] [DEBUG] app - GET /img/logo.png
[2017-05-08 09:14:55.533] [DEBUG] app - POST /manage/getProductsType
[2017-05-08 09:15:20.483] [DEBUG] app - POST /manage/uploadImgs
[2017-05-08 09:15:20.487] [INFO] acceptUpload.js - mkdir /003 success
[2017-05-08 09:15:29.213] [DEBUG] app - POST /manage/uploadImgs
[2017-05-08 09:15:29.216] [INFO] acceptUpload.js - start move to /003 [sync]
[2017-05-08 09:21:38.360] [DEBUG] app - GET /img/logo.png
[2017-05-08 09:21:38.488] [DEBUG] app - POST /manage/getProductsType
[2017-05-08 09:24:57.531] [DEBUG] app - POST /manage/getProductsType
[2017-05-08 09:29:52.917] [DEBUG] app - POST /manage/getProductsType
[2017-05-08 09:34:21.029] [DEBUG] app - GET /img/logo.png
[2017-05-08 09:34:21.193] [DEBUG] app - POST /manage/getProductsType
[2017-05-08 09:34:29.916] [DEBUG] app - POST /manage/uploadImgs
[2017-05-08 09:34:29.921] [ERROR] acceptUpload.js - mkdir err -- Error: ENOENT: no such file or directory, mkdir 'D:\job\twobrush\public\img\carousel\005\1494207266430'
[2017-05-08 09:47:52.869] [DEBUG] app - GET /img/logo.png
[2017-05-08 09:47:53.188] [DEBUG] app - POST /manage/getProductsType
[2017-05-08 09:47:59.142] [DEBUG] app - POST /manage/uploadImgs
[2017-05-08 09:47:59.148] [ERROR] acceptUpload.js - mkdir err -- Error: ENOENT: no such file or directory, mkdir 'D:\job\twobrush\public\img\carousel\004\1494208075312'
[2017-05-08 10:45:18.047] [DEBUG] app - GET /img/logo.png
[2017-05-08 10:45:18.238] [DEBUG] app - POST /manage/getProductsType
[2017-05-08 10:46:38.122] [DEBUG] app - GET /img/logo.png
[2017-05-08 10:46:38.300] [DEBUG] app - POST /manage/getProductsType
[2017-05-08 10:47:06.397] [DEBUG] app - GET /img/logo.png
[2017-05-08 10:47:06.700] [DEBUG] app - POST /manage/getProductsType
[2017-05-08 10:48:08.405] [DEBUG] app - GET /img/logo.png
[2017-05-08 10:48:08.679] [DEBUG] app - POST /manage/getProductsType
[2017-05-08 10:48:14.356] [DEBUG] app - POST /manage/uploadImgs
[2017-05-08 10:49:01.430] [DEBUG] app - GET /img/logo.png
[2017-05-08 10:49:01.727] [DEBUG] app - POST /manage/getProductsType
[2017-05-08 10:49:03.600] [DEBUG] app - GET /img/logo.png
[2017-05-08 10:49:03.723] [DEBUG] app - POST /manage/getProductsType
[2017-05-08 10:49:09.885] [DEBUG] app - POST /manage/uploadImgs
[2017-05-08 10:49:09.897] [ERROR] dev/common.js - mkdir err -- Error: ENOENT: no such file or directory, mkdir 'D:\job\twobrush\public\img\carousel\004\1494211745895'
[2017-05-08 10:49:09.897] [ERROR] dev/common.js - mkdir err -- Error: ENOENT: no such file or directory, mkdir 'D:\job\twobrush\public\img\carousel\004\1494211745895'
[2017-05-08 10:50:34.536] [DEBUG] app - GET /img/logo.png
[2017-05-08 10:50:34.719] [DEBUG] app - POST /manage/getProductsType
[2017-05-08 10:50:39.745] [DEBUG] app - POST /manage/uploadImgs
[2017-05-08 10:50:39.749] [ERROR] dev/common.js - mkdir err -- Error: ENOENT: no such file or directory, mkdir 'D:\job\twobrush\public\img\carousel\004\1494211836281'
[2017-05-08 10:50:39.749] [ERROR] dev/common.js - mkdir err -- Error: ENOENT: no such file or directory, mkdir 'D:\job\twobrush\public\img\carousel\004\1494211836281'
[2017-05-08 10:56:36.940] [DEBUG] app - GET /img/logo.png
[2017-05-08 10:56:37.132] [DEBUG] app - POST /manage/getProductsType
[2017-05-08 10:56:41.632] [DEBUG] app - POST /manage/uploadImgs
[2017-05-08 10:58:46.111] [DEBUG] app - GET /img/logo.png
[2017-05-08 10:58:46.418] [DEBUG] app - POST /manage/getProductsType
[2017-05-08 10:58:51.681] [DEBUG] app - POST /manage/uploadImgs
[2017-05-08 10:58:51.689] [ERROR] dev/common.js - mkdir success -- ./public/img/carousel/001/
[2017-05-08 11:08:47.601] [DEBUG] app - GET /img/logo.png
[2017-05-08 11:08:47.979] [DEBUG] app - POST /manage/getProductsType
[2017-05-08 11:09:03.149] [DEBUG] app - POST /manage/uploadImgs
[2017-05-08 11:09:03.160] [ERROR] dev/common.js - mkdir err -- Error: ENOENT: no such file or directory, mkdir 'D:\job\twobrush\public\img\carousel\004\1494212939523'
[2017-05-08 11:09:03.160] [ERROR] dev/common.js - mkdir err -- Error: ENOENT: no such file or directory, mkdir 'D:\job\twobrush\public\img\carousel\004\1494212939523'
[2017-05-08 11:11:46.403] [DEBUG] app - GET /img/logo.png
[2017-05-08 11:11:46.596] [DEBUG] app - POST /manage/getProductsType
[2017-05-08 11:11:55.940] [DEBUG] app - POST /manage/uploadImgs
[2017-05-08 11:11:55.952] [ERROR] dev/common.js - mkdir err -- Error: ENOENT: no such file or directory, mkdir 'D:\job\twobrush\public\img\carousel\001\1494213112425'
[2017-05-08 11:11:55.953] [ERROR] dev/common.js - mkdir err -- Error: ENOENT: no such file or directory, mkdir 'D:\job\twobrush\public\img\carousel\001\1494213112425'
[2017-05-08 11:12:57.752] [DEBUG] app - GET /img/logo.png
[2017-05-08 11:12:57.920] [DEBUG] app - POST /manage/getProductsType
[2017-05-08 11:13:02.896] [DEBUG] app - POST /manage/uploadImgs
[2017-05-08 11:13:02.911] [ERROR] dev/common.js - mkdir err -- Error: ENOENT: no such file or directory, mkdir 'D:\job\twobrush\public\img\carousel\003\1494213179493'
[2017-05-08 11:13:02.911] [ERROR] dev/common.js - mkdir err -- Error: ENOENT: no such file or directory, mkdir 'D:\job\twobrush\public\img\carousel\003\1494213179493'
[2017-05-08 11:20:57.341] [DEBUG] app - GET /img/logo.png
[2017-05-08 11:20:57.501] [DEBUG] app - POST /manage/getProductsType
[2017-05-08 11:21:05.790] [DEBUG] app - POST /manage/uploadImgs
[2017-05-08 11:22:10.097] [DEBUG] app - GET /img/logo.png
[2017-05-08 11:22:10.486] [DEBUG] app - POST /manage/getProductsType
[2017-05-08 11:22:14.936] [DEBUG] app - POST /manage/uploadImgs
[2017-05-08 11:22:14.953] [ERROR] dev/common.js - mkdir err -- Error: ENOENT: no such file or directory, mkdir 'D:\job\twobrush\public\img\carousel\003\1494213731722'
[2017-05-08 11:22:14.953] [ERROR] dev/common.js - mkdir err -- Error: ENOENT: no such file or directory, mkdir 'D:\job\twobrush\public\img\carousel\003\1494213731722'
[2017-05-08 11:23:41.525] [DEBUG] app - GET /img/logo.png
[2017-05-08 11:23:41.700] [DEBUG] app - POST /manage/getProductsType
[2017-05-08 11:23:47.387] [DEBUG] app - POST /manage/uploadImgs
[2017-05-08 11:23:47.391] [ERROR] dev/common.js - mkdir err -- Error: ENOENT: no such file or directory, mkdir 'D:\job\twobrush\public\img\carousel\004\1494213822936'
[2017-05-08 11:23:47.391] [ERROR] dev/common.js - mkdir err -- Error: ENOENT: no such file or directory, mkdir 'D:\job\twobrush\public\img\carousel\004\1494213822936'
[2017-05-08 11:26:46.732] [DEBUG] app - GET /img/logo.png
[2017-05-08 11:26:46.904] [DEBUG] app - POST /manage/getProductsType
[2017-05-08 11:26:52.873] [DEBUG] app - POST /manage/uploadImgs
[2017-05-08 11:28:27.331] [DEBUG] app - GET /img/logo.png
[2017-05-08 11:28:27.683] [DEBUG] app - POST /manage/getProductsType
[2017-05-08 11:28:33.318] [DEBUG] app - POST /manage/uploadImgs
[2017-05-08 11:28:33.322] [ERROR] dev/common.js - mkdir success -- 1494214108831/
[2017-05-08 11:30:15.915] [DEBUG] app - GET /img/logo.png
[2017-05-08 11:30:16.134] [DEBUG] app - POST /manage/getProductsType
[2017-05-08 11:30:22.438] [DEBUG] app - POST /manage/uploadImgs
[2017-05-08 11:30:22.442] [INFO] dev/common.js - mkdir success -- 1494214218906/
[2017-05-08 11:32:33.307] [DEBUG] app - GET /img/logo.png
[2017-05-08 11:32:33.515] [DEBUG] app - POST /manage/getProductsType
[2017-05-08 11:32:38.681] [DEBUG] app - POST /manage/uploadImgs
[2017-05-08 11:34:45.345] [DEBUG] app - GET /img/logo.png
[2017-05-08 11:34:45.682] [DEBUG] app - POST /manage/getProductsType
[2017-05-08 11:34:49.867] [DEBUG] app - POST /manage/uploadImgs
[2017-05-08 11:34:49.872] [INFO] dev/common.js - mkdir success -- 1494214486722/
[2017-05-08 11:36:41.535] [DEBUG] app - GET /img/logo.png
[2017-05-08 11:36:41.990] [DEBUG] app - POST /manage/getProductsType
[2017-05-08 11:36:46.365] [DEBUG] app - POST /manage/uploadImgs
[2017-05-08 11:36:46.377] [INFO] dev/common.js - mkdir success -- 1494214602847/
[2017-05-08 11:39:05.193] [DEBUG] app - GET /img/logo.png
[2017-05-08 11:39:05.538] [DEBUG] app - POST /manage/getProductsType
[2017-05-08 11:39:09.785] [DEBUG] app - POST /manage/uploadImgs
[2017-05-08 11:39:09.791] [INFO] dev/common.js - mkdir success -- .......1494214746604/
[2017-05-08 11:41:57.586] [DEBUG] app - GET /img/logo.png
[2017-05-08 11:41:57.985] [DEBUG] app - POST /manage/getProductsType
[2017-05-08 11:42:02.236] [DEBUG] app - POST /manage/uploadImgs
[2017-05-08 11:42:02.244] [ERROR] dev/common.js - mkdir err -- Error: ENOENT: no such file or directory, mkdir 'D:\job\twobrush\public\img\carousel\002\1494214918807'
[2017-05-08 11:42:02.244] [ERROR] dev/common.js - mkdir err -- Error: ENOENT: no such file or directory, mkdir 'D:\job\twobrush\public\img\carousel\002\1494214918807'
[2017-05-08 11:47:00.133] [DEBUG] app - GET /img/logo.png
[2017-05-08 11:47:00.379] [DEBUG] app - POST /manage/getProductsType
[2017-05-08 11:47:05.298] [DEBUG] app - POST /manage/uploadImgs
[2017-05-08 11:47:05.310] [ERROR] dev/common.js - mkdir err -- Error: ENOENT: no such file or directory, mkdir 'D:\job\twobrush\public\img\carousel\001\1494215221592'
[2017-05-08 11:48:27.475] [DEBUG] app - GET /img/logo.png
[2017-05-08 11:48:27.646] [DEBUG] app - POST /manage/getProductsType
[2017-05-08 11:48:33.845] [DEBUG] app - POST /manage/uploadImgs
[2017-05-08 11:48:33.862] [INFO] dev/common.js - mkdir success -- ./public/img/carousel/001/1494215308923/
[2017-05-08 11:49:16.058] [DEBUG] app - GET /img/logo.png
[2017-05-08 11:49:16.284] [DEBUG] app - POST /manage/getProductsType
[2017-05-08 11:49:20.583] [DEBUG] app - POST /manage/uploadImgs
[2017-05-08 11:49:20.596] [INFO] dev/common.js - mkdir success -- ./public/img/carousel/001/1494215357611/
[2017-05-08 11:51:02.865] [DEBUG] app - GET /img/logo.png
[2017-05-08 11:51:03.363] [DEBUG] app - POST /manage/getProductsType
[2017-05-08 11:51:06.898] [DEBUG] app - POST /manage/uploadImgs
[2017-05-08 11:51:06.910] [INFO] dev/common.js - mkdir success -- ./public/img/carousel/001/1494215464037/
[2017-05-08 11:53:04.943] [DEBUG] app - GET /img/logo.png
[2017-05-08 11:53:05.132] [DEBUG] app - POST /manage/getProductsType
[2017-05-08 11:53:09.579] [DEBUG] app - POST /manage/uploadImgs
[2017-05-08 11:53:09.582] [ERROR] dev/common.js - mkdir err -- Error: ENOENT: no such file or directory, mkdir 'D:\job\twobrush\public\img\carousel\002\1494215586594'
[2017-05-08 11:54:52.336] [DEBUG] app - GET /img/logo.png
[2017-05-08 11:54:52.522] [DEBUG] app - POST /manage/getProductsType
[2017-05-08 11:55:00.665] [DEBUG] app - POST /manage/uploadImgs
[2017-05-08 11:55:00.671] [INFO] dev/common.js - mkdir success -- ./public/img/carousel/001/1494215694113/
[2017-05-08 11:56:27.863] [DEBUG] app - GET /img/logo.png
[2017-05-08 11:56:28.036] [DEBUG] app - POST /manage/getProductsType
[2017-05-08 11:56:39.627] [DEBUG] app - POST /manage/uploadImgs
[2017-05-08 11:56:39.631] [ERROR] dev/common.js - mkdir err -- Error: ENOENT: no such file or directory, mkdir 'D:\job\twobrush\public\img\carousel\002\1494215796139'
[2017-05-08 11:57:58.767] [DEBUG] app - GET /img/logo.png
[2017-05-08 11:57:59.175] [DEBUG] app - POST /manage/getProductsType
[2017-05-08 11:58:04.306] [DEBUG] app - POST /manage/uploadImgs
[2017-05-08 11:58:04.326] [INFO] dev/common.js - mkdir success -- ./public/img/carousel/003/1494215880869/
[2017-05-08 11:58:25.942] [DEBUG] app - GET /img/logo.png
[2017-05-08 11:58:26.061] [DEBUG] app - POST /manage/getProductsType
[2017-05-08 11:58:30.733] [DEBUG] app - POST /manage/uploadImgs
[2017-05-08 11:58:30.736] [ERROR] dev/common.js - mkdir err -- Error: ENOENT: no such file or directory, mkdir 'D:\job\twobrush\public\img\carousel\001\1494215907280'
[2017-05-08 12:03:24.664] [DEBUG] app - GET /img/logo.png
[2017-05-08 12:03:24.882] [DEBUG] app - POST /manage/getProductsType
[2017-05-08 12:03:29.130] [DEBUG] app - POST /manage/uploadImgs
[2017-05-08 12:03:29.144] [INFO] dev/common.js - mkdir success -- ./public/img/carousel/001/1494216206027/
[2017-05-08 12:03:39.409] [DEBUG] app - GET /img/logo.png
[2017-05-08 12:03:39.567] [DEBUG] app - POST /manage/getProductsType
[2017-05-08 12:03:46.833] [DEBUG] app - POST /manage/uploadImgs
[2017-05-08 12:03:46.839] [INFO] dev/common.js - mkdir success -- ./public/img/carousel/004/1494216220724/
[2017-05-08 12:03:57.213] [DEBUG] app - GET /img/logo.png
[2017-05-08 12:03:57.355] [DEBUG] app - POST /manage/getProductsType
[2017-05-08 12:04:01.814] [DEBUG] app - POST /manage/uploadImgs
[2017-05-08 12:04:01.829] [INFO] dev/common.js - mkdir success -- ./public/img/carousel/005/1494216238912/
[2017-05-08 12:42:33.054] [DEBUG] app - GET /img/logo.png
[2017-05-08 12:42:33.365] [DEBUG] app - POST /manage/getProductsType
[2017-05-08 15:33:10.849] [DEBUG] app - GET /img/logo.png
[2017-05-08 15:33:11.049] [DEBUG] app - POST /manage/getProductsType
[2017-05-08 15:33:18.723] [DEBUG] app - POST /manage/uploadImgs
[2017-05-08 15:33:18.729] [INFO] dev/common.js - mkdir success -- ./public/img/carousel/002/1494228792556/
[2017-05-08 15:33:42.337] [DEBUG] app - POST /manage/uploadImgs
[2017-05-08 15:36:22.129] [DEBUG] app - POST /manage/uploadImgs
[2017-05-08 16:42:45.178] [DEBUG] app - GET /img/logo.png
[2017-05-08 16:42:45.364] [DEBUG] app - POST /manage/getProductsType
[2017-05-08 16:45:48.726] [DEBUG] app - POST /manage/getProductsType
[2017-05-08 16:47:13.255] [DEBUG] app - POST /manage/getProductsType
[2017-05-08 16:50:36.852] [DEBUG] app - GET /img/logo.png
[2017-05-08 16:50:36.985] [DEBUG] app - POST /manage/getProductsType
[2017-05-08 16:50:42.208] [DEBUG] app - GET /img/logo.png
[2017-05-08 16:50:42.312] [DEBUG] app - POST /manage/getProductsType
[2017-05-08 16:51:35.229] [DEBUG] app - POST /manage/getProductsType
[2017-05-08 16:51:38.214] [DEBUG] app - GET /img/logo.png
[2017-05-08 16:51:38.308] [DEBUG] app - POST /manage/getProductsType
[2017-05-08 16:52:11.946] [DEBUG] app - POST /manage/getProductsType
[2017-05-08 16:52:14.760] [DEBUG] app - GET /img/logo.png
[2017-05-08 16:52:14.846] [DEBUG] app - POST /manage/getProductsType
[2017-05-08 16:52:40.716] [DEBUG] app - POST /manage/getProductsType
[2017-05-08 16:52:43.071] [DEBUG] app - GET /img/logo.png
[2017-05-08 16:52:43.174] [DEBUG] app - POST /manage/getProductsType
[2017-05-08 16:54:24.689] [DEBUG] app - POST /manage/getProductsType
[2017-05-08 16:54:54.194] [DEBUG] app - POST /manage/getProductsType
[2017-05-08 16:55:05.261] [DEBUG] app - GET /img/logo.png
[2017-05-08 16:55:05.398] [DEBUG] app - POST /manage/getProductsType
[2017-05-08 16:56:03.376] [DEBUG] app - POST /manage/getProductsType
[2017-05-08 16:57:03.377] [DEBUG] app - POST /manage/uploadImgs
[2017-05-08 16:57:03.381] [ERROR] dev/common.js - mkdir err -- Error: ENOENT: no such file or directory, mkdir 'D:\job\twobrush\public\img\carousel\001\1494233803362'
[2017-05-08 16:57:08.566] [DEBUG] app - POST /manage/uploadImgs
[2017-05-08 16:57:08.572] [INFO] dev/common.js - mkdir success -- ./public/img/carousel/001/1494233803362/
[2017-05-08 16:57:11.629] [DEBUG] app - POST /manage/uploadImgs
[2017-05-08 16:57:15.584] [DEBUG] app - POST /manage/uploadImgs
[2017-05-08 16:58:14.247] [DEBUG] app - GET /img/logo.png
[2017-05-08 16:58:14.444] [DEBUG] app - POST /manage/getProductsType
[2017-05-08 16:58:29.238] [DEBUG] app - POST /manage/uploadImgs
[2017-05-08 16:58:29.241] [ERROR] dev/common.js - mkdir err -- Error: ENOENT: no such file or directory, mkdir 'D:\job\twobrush\public\img\carousel\005\1494233896828'
[2017-05-08 16:58:33.358] [DEBUG] app - POST /manage/uploadImgs
[2017-05-08 16:58:33.362] [INFO] dev/common.js - mkdir success -- ./public/img/carousel/005/1494233896828/
[2017-05-08 16:58:36.363] [DEBUG] app - POST /manage/uploadImgs
[2017-05-08 16:58:46.352] [DEBUG] app - POST /manage/uploadImgs
[2017-05-08 17:02:01.872] [DEBUG] app - GET /img/logo.png
[2017-05-08 17:02:02.085] [DEBUG] app - POST /manage/getProductsType
