[2017-05-16 12:02:16.094] [DEBUG] app - GET /img/logo-index.png
[2017-05-16 12:02:16.100] [DEBUG] app - GET /css/bigwoods.ui.mobile.css
[2017-05-16 12:02:16.101] [DEBUG] app - GET /js/bigwoods.ui.mobile.js
[2017-05-16 12:02:16.663] [DEBUG] app - GET /img/logo.png
[2017-05-16 12:02:16.665] [DEBUG] app - GET /img/banner03.jpg
[2017-05-16 12:02:16.665] [DEBUG] app - GET /img/banner02.jpg
[2017-05-16 12:02:16.666] [DEBUG] app - GET /img/banner01.jpg
[2017-05-16 12:02:17.088] [DEBUG] app - GET /img/favicon.ico
[2017-05-16 18:14:41.084] [DEBUG] app - GET /css/bigwoods.ui.mobile.css
[2017-05-16 18:14:41.090] [DEBUG] app - GET /img/logo-index.png
[2017-05-16 18:14:41.101] [DEBUG] app - GET /js/bigwoods.ui.mobile.js
[2017-05-16 18:14:41.445] [DEBUG] app - GET /img/logo.png
[2017-05-16 18:14:41.447] [DEBUG] app - GET /img/banner01.jpg
[2017-05-16 18:14:41.449] [DEBUG] app - GET /img/banner02.jpg
[2017-05-16 18:14:41.451] [DEBUG] app - GET /img/banner03.jpg
[2017-05-16 18:19:42.126] [DEBUG] app - GET /css/bigwoods.ui.mobile.css
[2017-05-16 18:19:42.142] [DEBUG] app - GET /img/logo-index.png
[2017-05-16 18:19:42.152] [DEBUG] app - GET /js/bigwoods.ui.mobile.js
[2017-05-16 18:19:42.348] [DEBUG] app - GET /img/logo.png
[2017-05-16 18:19:42.358] [DEBUG] app - GET /img/banner01.jpg
[2017-05-16 18:19:42.361] [DEBUG] app - GET /img/banner02.jpg
[2017-05-16 18:19:42.364] [DEBUG] app - GET /img/banner03.jpg
[2017-05-16 18:19:42.468] [DEBUG] app - GET /img/favicon.ico
[2017-05-16 18:19:44.419] [DEBUG] app - GET /css/bigwoods.ui.mobile.css
[2017-05-16 18:19:44.422] [DEBUG] app - GET /img/logo-index.png
[2017-05-16 18:19:44.434] [DEBUG] app - GET /js/bigwoods.ui.mobile.js
[2017-05-16 18:19:44.599] [DEBUG] app - GET /img/logo.png
[2017-05-16 18:19:44.614] [DEBUG] app - GET /img/banner01.jpg
[2017-05-16 18:19:44.616] [DEBUG] app - GET /img/banner02.jpg
[2017-05-16 18:19:44.621] [DEBUG] app - GET /img/banner03.jpg
[2017-05-16 18:19:44.718] [DEBUG] app - GET /img/favicon.ico
[2017-05-16 18:19:45.340] [DEBUG] app - GET /css/bigwoods.ui.mobile.css
[2017-05-16 18:19:45.341] [DEBUG] app - GET /img/logo-index.png
[2017-05-16 18:19:45.353] [DEBUG] app - GET /js/bigwoods.ui.mobile.js
[2017-05-16 18:19:45.479] [DEBUG] app - GET /img/logo.png
[2017-05-16 18:19:45.498] [DEBUG] app - GET /img/banner02.jpg
[2017-05-16 18:19:45.504] [DEBUG] app - GET /img/banner01.jpg
[2017-05-16 18:19:45.509] [DEBUG] app - GET /img/banner03.jpg
[2017-05-16 18:19:45.618] [DEBUG] app - GET /img/favicon.ico
[2017-05-16 18:19:45.686] [DEBUG] app - GET /css/bigwoods.ui.mobile.css
[2017-05-16 18:19:45.688] [DEBUG] app - GET /img/logo-index.png
[2017-05-16 18:19:45.691] [DEBUG] app - GET /js/bigwoods.ui.mobile.js
[2017-05-16 18:19:45.790] [DEBUG] app - GET /img/logo.png
[2017-05-16 18:19:45.807] [DEBUG] app - GET /img/banner01.jpg
[2017-05-16 18:19:45.816] [DEBUG] app - GET /img/banner02.jpg
[2017-05-16 18:19:45.821] [DEBUG] app - GET /img/banner03.jpg
[2017-05-16 18:19:45.963] [DEBUG] app - GET /img/favicon.ico
[2017-05-16 18:19:46.217] [DEBUG] app - GET /css/bigwoods.ui.mobile.css
[2017-05-16 18:19:46.222] [DEBUG] app - GET /img/logo-index.png
[2017-05-16 18:19:46.232] [DEBUG] app - GET /js/bigwoods.ui.mobile.js
[2017-05-16 18:19:46.733] [DEBUG] app - GET /js/bigwoods.ui.mobile.js
[2017-05-16 18:19:46.747] [DEBUG] app - GET /img/favicon.ico
[2017-05-16 18:19:48.944] [DEBUG] app - GET /css/bigwoods.ui.mobile.css
[2017-05-16 18:19:48.947] [DEBUG] app - GET /img/logo-index.png
[2017-05-16 18:19:48.952] [DEBUG] app - GET /js/bigwoods.ui.mobile.js
[2017-05-16 18:19:49.122] [DEBUG] app - GET /img/logo.png
[2017-05-16 18:19:49.131] [DEBUG] app - GET /img/banner01.jpg
[2017-05-16 18:19:49.140] [DEBUG] app - GET /img/banner02.jpg
[2017-05-16 18:19:49.144] [DEBUG] app - GET /img/banner03.jpg
[2017-05-16 18:19:50.999] [DEBUG] app - GET /img/favicon.ico
