[2017-05-06 11:19:07.278] [DEBUG] app - GET /img/logo.png
[2017-05-06 11:19:07.558] [DEBUG] app - POST /manage/getProductsType
[2017-05-06 11:35:04.557] [DEBUG] app - GET /img/logo.png
[2017-05-06 11:35:04.678] [DEBUG] app - POST /manage/getProductsType
[2017-05-06 11:35:40.733] [DEBUG] app - GET /img/logo.png
[2017-05-06 11:35:40.859] [DEBUG] app - POST /manage/getProductsType
[2017-05-06 11:35:50.287] [DEBUG] app - GET /img/logo.png
[2017-05-06 11:35:50.364] [DEBUG] app - POST /manage/getProductsType
[2017-05-06 11:36:09.157] [DEBUG] app - GET /img/logo.png
[2017-05-06 11:36:09.298] [DEBUG] app - POST /manage/getProductsType
[2017-05-06 11:48:35.876] [DEBUG] app - POST /manage/getProductsType
[2017-05-06 11:49:10.755] [DEBUG] app - GET /img/logo.png
[2017-05-06 11:49:10.938] [DEBUG] app - POST /manage/getProductsType
[2017-05-06 11:50:03.761] [DEBUG] app - POST /manage/getProductsType
[2017-05-06 11:50:27.140] [DEBUG] app - POST /manage/getProductsType
[2017-05-06 11:50:36.768] [DEBUG] app - POST /manage/getProductsType
[2017-05-06 11:50:56.770] [DEBUG] app - POST /manage/uploadImgs
[2017-05-06 11:50:56.772] [INFO] acceptUpload.js - start move to /001 [sync]
[2017-05-06 11:51:01.740] [DEBUG] app - POST /manage/uploadImgs
[2017-05-06 11:51:01.741] [INFO] acceptUpload.js - start move to /001 [sync]
[2017-05-06 11:51:30.603] [DEBUG] app - POST /manage/getProductsType
[2017-05-06 11:51:44.189] [DEBUG] app - POST /manage/uploadImgs
[2017-05-06 11:51:44.190] [INFO] acceptUpload.js - start move to /002 [sync]
[2017-05-06 11:52:10.596] [DEBUG] app - POST /manage/uploadImgs
[2017-05-06 11:52:10.597] [INFO] acceptUpload.js - start move to /002 [sync]
[2017-05-06 11:52:12.844] [DEBUG] app - POST /manage/uploadImgs
[2017-05-06 11:52:16.194] [DEBUG] app - POST /manage/uploadImgs
[2017-05-06 11:52:24.616] [DEBUG] app - POST /manage/uploadImgs
[2017-05-06 11:55:41.680] [DEBUG] app - GET /img/logo.png
[2017-05-06 11:55:41.907] [DEBUG] app - POST /manage/getProductsType
[2017-05-06 11:55:51.975] [DEBUG] app - GET /img/logo-index.png
[2017-05-06 11:55:51.980] [DEBUG] app - GET /js/bigwoods.ui.mobile.js
[2017-05-06 11:55:52.001] [DEBUG] app - GET /css/bigwoods.ui.mobile.css
[2017-05-06 11:55:52.458] [DEBUG] app - GET /maps/swiper.js.map
[2017-05-06 11:55:52.476] [DEBUG] app - GET /img/logo.png
[2017-05-06 11:55:52.543] [DEBUG] app - GET /products/getListData
[2017-05-06 11:55:52.644] [DEBUG] app - GET /img/banner01.jpg
[2017-05-06 11:55:52.645] [DEBUG] app - GET /img/banner02.jpg
[2017-05-06 11:55:52.657] [DEBUG] app - GET /img/banner03.jpg
[2017-05-06 11:55:52.731] [DEBUG] app - GET /img/brush/maoshuagun.jpg
[2017-05-06 11:55:52.737] [DEBUG] app - GET /img/brush/futishua.png
[2017-05-06 11:55:52.738] [DEBUG] app - GET /img/brush/moliaosi.jpg
[2017-05-06 11:55:52.746] [DEBUG] app - GET /img/brush/mugongjixieshua.jpg
[2017-05-06 11:55:52.748] [DEBUG] app - GET /img/brush/jiqirensaodishua.jpg
[2017-05-06 11:55:52.751] [DEBUG] app - GET /img/brush/saolushua.jpg
[2017-05-06 11:57:14.110] [DEBUG] app - GET /css/bigwoods.ui.mobile.css
[2017-05-06 11:57:14.111] [DEBUG] app - GET /img/logo-index.png
[2017-05-06 11:57:14.114] [DEBUG] app - GET /js/bigwoods.ui.mobile.js
[2017-05-06 11:57:14.581] [DEBUG] app - GET /maps/swiper.js.map
[2017-05-06 11:57:14.601] [DEBUG] app - GET /img/logo.png
[2017-05-06 11:57:14.631] [DEBUG] app - GET /img/banner01.jpg
[2017-05-06 11:57:14.636] [DEBUG] app - GET /img/banner02.jpg
[2017-05-06 11:57:14.638] [DEBUG] app - GET /img/banner03.jpg
[2017-05-06 11:57:14.682] [DEBUG] app - GET /products/getListData
[2017-05-06 11:57:14.773] [DEBUG] app - GET /img/brush/maoshuagun.jpg
[2017-05-06 11:57:14.783] [DEBUG] app - GET /img/brush/futishua.png
[2017-05-06 11:57:14.787] [DEBUG] app - GET /img/brush/moliaosi.jpg
[2017-05-06 11:57:14.791] [DEBUG] app - GET /img/brush/mugongjixieshua.jpg
[2017-05-06 11:57:14.798] [DEBUG] app - GET /img/brush/saolushua.jpg
[2017-05-06 11:57:14.803] [DEBUG] app - GET /img/brush/jiqirensaodishua.jpg
[2017-05-06 11:57:15.006] [DEBUG] app - GET /img/favicon.ico
[2017-05-06 11:57:28.354] [DEBUG] app - POST /products/getDetails
[2017-05-06 11:57:28.420] [DEBUG] app - GET /img/carousel/002/1493890651311.jpeg
[2017-05-06 11:57:28.420] [DEBUG] app - GET /img/carousel/002/1493890656032.jpeg
[2017-05-06 11:57:29.358] [DEBUG] app - GET /img/carousel/002/1493890651311.jpeg
[2017-05-06 11:57:31.473] [DEBUG] app - GET /img/carousel/002/1493890656032.jpeg
[2017-05-06 12:05:48.675] [DEBUG] app - POST /products/getDetails
[2017-05-06 12:05:48.741] [DEBUG] app - GET /img/carousel/002/1494042730591.jpe
[2017-05-06 12:05:49.218] [DEBUG] app - GET /img/carousel/001/1494042656768.jpeg
[2017-05-06 12:05:49.613] [DEBUG] app - GET /img/carousel/002/1494042704187.jpeg
[2017-05-06 12:05:49.832] [DEBUG] app - GET /img/carousel/001/1494042661734.jpeg
[2017-05-06 12:05:50.660] [DEBUG] app - GET /img/carousel/001/1494042656768.jpeg
[2017-05-06 12:05:52.560] [DEBUG] app - GET /img/carousel/002/1494042704187.jpeg
[2017-05-06 12:05:54.122] [DEBUG] app - GET /img/carousel/001/1494042661734.jpeg
[2017-05-06 18:20:42.766] [DEBUG] app - POST /products/leaveMessage
[2017-05-06 18:21:33.724] [DEBUG] app - POST /products/getDetails
[2017-05-06 18:21:44.384] [DEBUG] app - GET /img/logo.png
[2017-05-06 18:21:44.576] [DEBUG] app - POST /manage/getProductsType
[2017-05-06 18:24:23.707] [DEBUG] app - POST /manage/getProductsType
