[2017-05-17 15:34:17.543] [DEBUG] app - GET /socket.io/?EIO=3&transport=polling&t=1495006452330-8
[2017-05-17 15:34:17.548] [DEBUG] app - GET /socket.io/?EIO=3&transport=polling&t=1495006452332-8
[2017-05-17 15:34:17.549] [DEBUG] app - GET /socket.io/?EIO=3&transport=polling&t=1495006452333-8
[2017-05-17 15:34:23.346] [DEBUG] app - GET /socket.io/?EIO=3&transport=polling&t=1495006463330-9
[2017-05-17 15:34:23.350] [DEBUG] app - GET /socket.io/?EIO=3&transport=polling&t=1495006463341-9
[2017-05-17 15:34:23.353] [DEBUG] app - GET /socket.io/?EIO=3&transport=polling&t=1495006463342-9
[2017-05-17 15:34:29.337] [DEBUG] app - GET /socket.io/?EIO=3&transport=polling&t=1495006469332-10
[2017-05-17 15:34:29.340] [DEBUG] app - GET /socket.io/?EIO=3&transport=polling&t=1495006469333-10
[2017-05-17 15:34:29.346] [DEBUG] app - GET /socket.io/?EIO=3&transport=polling&t=1495006469335-10
[2017-05-17 15:34:35.334] [DEBUG] app - GET /socket.io/?EIO=3&transport=polling&t=1495006475330-11
[2017-05-17 15:34:35.336] [DEBUG] app - GET /socket.io/?EIO=3&transport=polling&t=1495006475331-11
[2017-05-17 15:34:35.337] [DEBUG] app - GET /socket.io/?EIO=3&transport=polling&t=1495006475331-11
[2017-05-17 15:34:41.335] [DEBUG] app - GET /socket.io/?EIO=3&transport=polling&t=1495006481333-12
[2017-05-17 15:34:41.338] [DEBUG] app - GET /socket.io/?EIO=3&transport=polling&t=1495006481334-12
[2017-05-17 15:34:41.344] [DEBUG] app - GET /socket.io/?EIO=3&transport=polling&t=1495006481335-12
[2017-05-17 15:34:48.339] [DEBUG] app - GET /socket.io/?EIO=3&transport=polling&t=1495006488331-13
[2017-05-17 15:34:48.341] [DEBUG] app - GET /socket.io/?EIO=3&transport=polling&t=1495006488333-13
[2017-05-17 15:34:48.343] [DEBUG] app - GET /socket.io/?EIO=3&transport=polling&t=1495006488334-13
[2017-05-17 15:34:54.337] [DEBUG] app - GET /socket.io/?EIO=3&transport=polling&t=1495006494330-14
[2017-05-17 15:34:54.339] [DEBUG] app - GET /socket.io/?EIO=3&transport=polling&t=1495006494331-14
[2017-05-17 15:34:54.340] [DEBUG] app - GET /socket.io/?EIO=3&transport=polling&t=1495006494332-14
[2017-05-17 15:35:00.334] [DEBUG] app - GET /socket.io/?EIO=3&transport=polling&t=1495006500330-15
[2017-05-17 15:35:00.338] [DEBUG] app - GET /socket.io/?EIO=3&transport=polling&t=1495006500331-15
[2017-05-17 15:35:00.347] [DEBUG] app - GET /socket.io/?EIO=3&transport=polling&t=1495006500331-15
[2017-05-17 15:35:06.337] [DEBUG] app - GET /socket.io/?EIO=3&transport=polling&t=1495006506330-16
[2017-05-17 15:35:06.339] [DEBUG] app - GET /socket.io/?EIO=3&transport=polling&t=1495006506331-16
[2017-05-17 15:35:07.337] [DEBUG] app - GET /socket.io/?EIO=3&transport=polling&t=1495006507331-16
[2017-05-17 15:35:13.337] [DEBUG] app - GET /socket.io/?EIO=3&transport=polling&t=1495006513330-17
[2017-05-17 15:35:13.342] [DEBUG] app - GET /socket.io/?EIO=3&transport=polling&t=1495006513331-17
[2017-05-17 15:35:13.347] [DEBUG] app - GET /socket.io/?EIO=3&transport=polling&t=1495006513332-17
[2017-05-17 15:35:18.458] [DEBUG] app - GET /css/bigwoods.ui.mobile.css
[2017-05-17 15:35:18.462] [DEBUG] app - GET /img/logo-index.png
[2017-05-17 15:35:18.468] [DEBUG] app - GET /js/bigwoods.ui.mobile.js
[2017-05-17 15:35:18.728] [DEBUG] app - GET /img/logo.png
[2017-05-17 15:35:18.814] [DEBUG] app - GET /img/banner03.jpg
[2017-05-17 15:35:18.819] [DEBUG] app - GET /img/banner02.jpg
[2017-05-17 15:35:18.828] [DEBUG] app - GET /img/banner01.jpg
[2017-05-17 15:35:18.839] [DEBUG] app - GET /img/favicon.ico
[2017-05-17 15:35:19.343] [DEBUG] app - GET /socket.io/?EIO=3&transport=polling&t=1495006519329-18
[2017-05-17 15:35:19.346] [DEBUG] app - GET /socket.io/?EIO=3&transport=polling&t=1495006519330-18
[2017-05-17 15:35:19.347] [DEBUG] app - GET /socket.io/?EIO=3&transport=polling&t=1495006519334-18
[2017-05-17 15:35:25.346] [DEBUG] app - GET /socket.io/?EIO=3&transport=polling&t=1495006525330-19
[2017-05-17 15:35:25.348] [DEBUG] app - GET /socket.io/?EIO=3&transport=polling&t=1495006525333-19
[2017-05-17 15:35:25.351] [DEBUG] app - GET /socket.io/?EIO=3&transport=polling&t=1495006525338-19
[2017-05-17 15:56:27.285] [DEBUG] app - GET /socket.io/?EIO=3&transport=polling&t=1495007783330-174
[2017-05-17 15:56:27.291] [DEBUG] app - GET /socket.io/?EIO=3&transport=polling&t=1495007783331-174
[2017-05-17 15:56:27.292] [DEBUG] app - GET /socket.io/?EIO=3&transport=polling&t=1495007783332-174
[2017-05-17 15:56:33.356] [DEBUG] app - GET /socket.io/?EIO=3&transport=polling&t=1495007793331-175
[2017-05-17 15:56:33.364] [DEBUG] app - GET /socket.io/?EIO=3&transport=polling&t=1495007793333-175
[2017-05-17 15:56:33.367] [DEBUG] app - GET /socket.io/?EIO=3&transport=polling&t=1495007793339-175
[2017-05-17 15:56:39.335] [DEBUG] app - GET /socket.io/?EIO=3&transport=polling&t=1495007799331-176
[2017-05-17 15:56:39.337] [DEBUG] app - GET /socket.io/?EIO=3&transport=polling&t=1495007799331-176
[2017-05-17 15:56:39.341] [DEBUG] app - GET /socket.io/?EIO=3&transport=polling&t=1495007799331-176
[2017-05-17 15:56:45.332] [DEBUG] app - GET /socket.io/?EIO=3&transport=polling&t=1495007805329-177
[2017-05-17 15:56:45.344] [DEBUG] app - GET /socket.io/?EIO=3&transport=polling&t=1495007805330-177
[2017-05-17 15:56:45.347] [DEBUG] app - GET /socket.io/?EIO=3&transport=polling&t=1495007805343-177
[2017-05-17 15:56:51.008] [DEBUG] app - GET /css/bigwoods.ui.mobile.css
[2017-05-17 15:56:51.010] [DEBUG] app - GET /img/logo-index.png
[2017-05-17 15:56:51.011] [DEBUG] app - GET /js/bigwoods.ui.mobile.js
[2017-05-17 15:56:51.270] [DEBUG] app - GET /img/logo.png
[2017-05-17 15:56:51.272] [DEBUG] app - GET /img/banner01.jpg
[2017-05-17 15:56:51.273] [DEBUG] app - GET /img/banner02.jpg
[2017-05-17 15:56:51.275] [DEBUG] app - GET /img/banner03.jpg
[2017-05-17 15:56:51.332] [DEBUG] app - GET /socket.io/?EIO=3&transport=polling&t=1495007811329-178
[2017-05-17 15:56:51.337] [DEBUG] app - GET /socket.io/?EIO=3&transport=polling&t=1495007811330-178
[2017-05-17 15:56:51.339] [DEBUG] app - GET /socket.io/?EIO=3&transport=polling&t=1495007811331-178
[2017-05-17 15:56:52.850] [DEBUG] app - GET /css/bigwoods.ui.mobile.css
[2017-05-17 15:56:52.851] [DEBUG] app - GET /img/logo-index.png
[2017-05-17 15:56:52.853] [DEBUG] app - GET /js/bigwoods.ui.mobile.js
[2017-05-17 15:56:53.366] [DEBUG] app - GET /img/logo.png
[2017-05-17 15:56:53.370] [DEBUG] app - GET /img/banner01.jpg
[2017-05-17 15:56:53.375] [DEBUG] app - GET /img/banner02.jpg
[2017-05-17 15:56:53.378] [DEBUG] app - GET /img/banner03.jpg
[2017-05-17 15:56:57.341] [DEBUG] app - GET /socket.io/?EIO=3&transport=polling&t=1495007817330-179
[2017-05-17 15:56:58.343] [DEBUG] app - GET /socket.io/?EIO=3&transport=polling&t=1495007818338-179
[2017-05-17 15:56:58.350] [DEBUG] app - GET /socket.io/?EIO=3&transport=polling&t=1495007818341-179
[2017-05-17 15:57:22.272] [DEBUG] app - GET /socket.io/?EIO=3&transport=polling&t=1495007833329-181
[2017-05-17 15:57:22.285] [DEBUG] app - GET /socket.io/?EIO=3&transport=polling&t=1495007833334-181
[2017-05-17 15:57:22.369] [DEBUG] app - GET /css/bigwoods.ui.mobile.css
[2017-05-17 15:57:22.371] [DEBUG] app - GET /img/logo-index.png
[2017-05-17 15:57:22.372] [DEBUG] app - GET /js/bigwoods.ui.mobile.js
[2017-05-17 15:57:22.397] [DEBUG] app - GET /socket.io/?EIO=3&transport=polling&t=1495007833329-181
[2017-05-17 15:57:24.256] [DEBUG] app - GET /img/logo.png
[2017-05-17 15:57:24.260] [DEBUG] app - GET /img/banner01.jpg
[2017-05-17 15:57:24.287] [DEBUG] app - GET /img/banner02.jpg
[2017-05-17 15:57:24.308] [DEBUG] app - GET /img/banner03.jpg
[2017-05-17 15:57:27.341] [DEBUG] app - GET /socket.io/?EIO=3&transport=polling&t=1495007847332-182
[2017-05-17 15:57:27.346] [DEBUG] app - GET /socket.io/?EIO=3&transport=polling&t=1495007847333-182
[2017-05-17 15:57:28.335] [DEBUG] app - GET /socket.io/?EIO=3&transport=polling&t=1495007848329-182
[2017-05-17 15:57:33.346] [DEBUG] app - GET /socket.io/?EIO=3&transport=polling&t=1495007853329-183
[2017-05-17 15:57:33.355] [DEBUG] app - GET /socket.io/?EIO=3&transport=polling&t=1495007853332-183
[2017-05-17 19:52:01.543] [DEBUG] app - GET /img/logo-index.png
[2017-05-17 19:52:01.559] [DEBUG] app - GET /css/bigwoods.ui.mobile.css
[2017-05-17 19:52:01.565] [DEBUG] app - GET /js/bigwoods.ui.mobile.js
[2017-05-17 19:52:02.397] [DEBUG] app - GET /img/logo.png
[2017-05-17 19:52:02.397] [DEBUG] app - GET /img/banner01.jpg
[2017-05-17 19:52:02.398] [DEBUG] app - GET /img/banner02.jpg
[2017-05-17 19:52:02.399] [DEBUG] app - GET /img/banner03.jpg
[2017-05-17 19:53:35.566] [DEBUG] app - GET /css/bigwoods.ui.mobile.css
[2017-05-17 19:53:35.578] [DEBUG] app - GET /js/bigwoods.ui.mobile.js
[2017-05-17 19:53:35.690] [DEBUG] app - GET /img/logo-index.png
[2017-05-17 19:53:35.930] [DEBUG] app - GET /img/logo.png
[2017-05-17 19:53:35.942] [DEBUG] app - GET /img/banner01.jpg
[2017-05-17 19:53:35.950] [DEBUG] app - GET /img/banner03.jpg
[2017-05-17 19:53:35.958] [DEBUG] app - GET /img/banner02.jpg
[2017-05-17 19:53:36.050] [DEBUG] app - GET /img/favicon.ico
