[2017-05-19 10:54:52.414] [DEBUG] app - GET /css/bigwoods.ui.mobile.css
[2017-05-19 10:54:52.420] [DEBUG] app - GET /img/logo-index.png
[2017-05-19 10:54:52.422] [DEBUG] app - GET /js/bigwoods.ui.mobile.js
[2017-05-19 10:54:52.744] [DEBUG] app - GET /img/logo.png
[2017-05-19 10:54:52.747] [DEBUG] app - GET /img/banner03.jpg
[2017-05-19 10:54:52.759] [DEBUG] app - GET /img/banner02.jpg
[2017-05-19 10:54:52.871] [DEBUG] app - GET /img/banner01.jpg
[2017-05-19 10:54:52.960] [DEBUG] app - GET /img/favicon.ico
[2017-05-19 10:56:22.302] [DEBUG] app - GET /img/logo-index.png
[2017-05-19 10:56:22.309] [DEBUG] app - GET /js/bigwoods.ui.mobile.js
[2017-05-19 10:56:22.317] [DEBUG] app - GET /css/bigwoods.ui.mobile.css
[2017-05-19 10:56:23.203] [DEBUG] app - GET /maps/swiper.js.map
[2017-05-19 10:56:23.206] [DEBUG] app - GET /img/logo.png
[2017-05-19 10:59:32.888] [DEBUG] app - GET /css/bigwoods.ui.mobile.css
[2017-05-19 10:59:32.910] [DEBUG] app - GET /img/logo-index.png
[2017-05-19 10:59:32.913] [DEBUG] app - GET /js/bigwoods.ui.mobile.js
[2017-05-19 10:59:33.977] [DEBUG] app - GET /maps/swiper.js.map
[2017-05-19 10:59:33.979] [DEBUG] app - GET /img/logo.png
[2017-05-19 11:01:14.142] [DEBUG] app - GET /css/bigwoods.ui.mobile.css
[2017-05-19 11:01:14.156] [DEBUG] app - GET /img/logo-index.png
[2017-05-19 11:01:14.157] [DEBUG] app - GET /js/bigwoods.ui.mobile.js
[2017-05-19 11:01:14.998] [DEBUG] app - GET /maps/swiper.js.map
[2017-05-19 11:01:15.094] [DEBUG] app - GET /img/logo.png
[2017-05-19 11:01:15.108] [DEBUG] app - GET /img/banner01.jpg
[2017-05-19 11:01:15.109] [DEBUG] app - GET /img/banner02.jpg
[2017-05-19 11:01:49.991] [DEBUG] app - GET /css/bigwoods.ui.mobile.css
[2017-05-19 11:01:50.004] [DEBUG] app - GET /img/logo-index.png
[2017-05-19 11:01:50.010] [DEBUG] app - GET /js/bigwoods.ui.mobile.js
[2017-05-19 11:01:51.232] [DEBUG] app - GET /maps/swiper.js.map
[2017-05-19 11:01:51.234] [DEBUG] app - GET /img/logo.png
[2017-05-19 11:01:51.246] [DEBUG] app - GET /img/banner01.jpg
[2017-05-19 11:19:20.078] [DEBUG] app - GET /css/bigwoods.ui.mobile.css
[2017-05-19 11:19:20.090] [DEBUG] app - GET /img/logo-index.png
[2017-05-19 11:19:20.092] [DEBUG] app - GET /js/bigwoods.ui.mobile.js
[2017-05-19 11:19:21.077] [DEBUG] app - GET /maps/swiper.js.map
[2017-05-19 11:19:21.083] [DEBUG] app - GET /img/logo.png
[2017-05-19 11:27:29.781] [DEBUG] app - GET /css/bigwoods.ui.mobile.css
[2017-05-19 11:27:29.829] [DEBUG] app - GET /img/logo-index.png
[2017-05-19 11:27:29.830] [DEBUG] app - GET /js/bigwoods.ui.mobile.js
[2017-05-19 11:27:30.139] [DEBUG] app - GET /maps/swiper.js.map
[2017-05-19 11:27:30.162] [DEBUG] app - GET /img/logo.png
[2017-05-19 11:27:30.190] [DEBUG] app - GET /img/banner01.jpg
[2017-05-19 11:27:30.193] [DEBUG] app - GET /img/banner02.jpg
[2017-05-19 11:27:30.194] [DEBUG] app - GET /img/banner03.jpg
[2017-05-19 11:27:30.334] [DEBUG] app - GET /products/getListData
[2017-05-19 11:27:30.431] [DEBUG] app - GET /img/favicon.ico
[2017-05-19 11:27:30.476] [DEBUG] app - GET /img/brush/maoshuagun.jpg
[2017-05-19 11:27:30.494] [DEBUG] app - GET /img/brush/mugongjixieshua.jpg
[2017-05-19 11:27:30.533] [DEBUG] app - GET /img/brush/moliaosi.jpg
[2017-05-19 11:27:30.547] [DEBUG] app - GET /img/brush/futishua.png
[2017-05-19 11:27:30.568] [DEBUG] app - GET /img/brush/saolushua.jpg
[2017-05-19 11:27:30.588] [DEBUG] app - GET /img/brush/jiqirensaodishua.jpg
[2017-05-19 11:28:11.636] [DEBUG] app - GET /css/bigwoods.ui.mobile.css
[2017-05-19 11:28:11.641] [DEBUG] app - GET /img/logo-index.png
[2017-05-19 11:28:11.642] [DEBUG] app - GET /js/bigwoods.ui.mobile.js
[2017-05-19 11:28:12.960] [DEBUG] app - GET /maps/swiper.js.map
[2017-05-19 11:28:12.985] [DEBUG] app - GET /img/logo.png
[2017-05-19 11:28:12.996] [DEBUG] app - GET /img/banner01.jpg
[2017-05-19 11:28:13.010] [DEBUG] app - GET /img/banner02.jpg
[2017-05-19 11:28:13.020] [DEBUG] app - GET /img/banner03.jpg
[2017-05-19 11:28:13.417] [DEBUG] app - GET /img/favicon.ico
[2017-05-19 11:28:13.449] [DEBUG] app - GET /products/getListData
[2017-05-19 11:28:13.476] [DEBUG] app - GET /img/brush/maoshuagun.jpg
[2017-05-19 11:28:13.557] [DEBUG] app - GET /img/brush/futishua.png
[2017-05-19 11:28:13.594] [DEBUG] app - GET /img/brush/moliaosi.jpg
[2017-05-19 11:28:13.598] [DEBUG] app - GET /img/brush/mugongjixieshua.jpg
[2017-05-19 11:28:13.610] [DEBUG] app - GET /img/brush/saolushua.jpg
[2017-05-19 11:28:13.627] [DEBUG] app - GET /img/brush/jiqirensaodishua.jpg
[2017-05-19 11:28:15.429] [DEBUG] app - GET /css/bigwoods.ui.mobile.css
[2017-05-19 11:28:15.449] [DEBUG] app - GET /img/logo-index.png
[2017-05-19 11:28:15.454] [DEBUG] app - GET /js/bigwoods.ui.mobile.js
[2017-05-19 11:28:15.683] [DEBUG] app - GET /maps/swiper.js.map
[2017-05-19 11:28:15.712] [DEBUG] app - GET /img/logo.png
[2017-05-19 11:28:15.730] [DEBUG] app - GET /img/banner01.jpg
[2017-05-19 11:28:15.732] [DEBUG] app - GET /img/banner02.jpg
[2017-05-19 11:28:15.740] [DEBUG] app - GET /img/banner03.jpg
[2017-05-19 11:28:15.765] [DEBUG] app - GET /products/getListData
[2017-05-19 11:28:15.820] [DEBUG] app - GET /img/brush/maoshuagun.jpg
[2017-05-19 11:28:15.832] [DEBUG] app - GET /img/brush/futishua.png
[2017-05-19 11:28:15.850] [DEBUG] app - GET /img/brush/moliaosi.jpg
[2017-05-19 11:28:15.854] [DEBUG] app - GET /img/brush/mugongjixieshua.jpg
[2017-05-19 11:28:15.863] [DEBUG] app - GET /img/brush/saolushua.jpg
[2017-05-19 11:28:15.864] [DEBUG] app - GET /img/brush/jiqirensaodishua.jpg
[2017-05-19 11:28:15.956] [DEBUG] app - GET /img/favicon.ico
[2017-05-19 11:30:09.503] [DEBUG] app - GET /css/bigwoods.ui.mobile.css
[2017-05-19 11:30:09.518] [DEBUG] app - GET /img/logo-index.png
[2017-05-19 11:30:09.519] [DEBUG] app - GET /js/bigwoods.ui.mobile.js
[2017-05-19 11:30:10.441] [DEBUG] app - GET /maps/swiper.js.map
[2017-05-19 11:30:10.442] [DEBUG] app - GET /img/logo.png
[2017-05-19 11:30:10.445] [DEBUG] app - GET /img/banner01.jpg
[2017-05-19 11:30:10.458] [DEBUG] app - GET /img/banner02.jpg
[2017-05-19 11:30:10.461] [DEBUG] app - GET /img/banner03.jpg
[2017-05-19 11:30:10.675] [DEBUG] app - GET /img/favicon.ico
[2017-05-19 12:10:33.792] [DEBUG] app - GET /css/bigwoods.ui.mobile.css
[2017-05-19 12:10:33.801] [DEBUG] app - GET /img/logo-index.png
[2017-05-19 12:10:33.803] [DEBUG] app - GET /js/bigwoods.ui.mobile.js
[2017-05-19 12:10:35.003] [DEBUG] app - GET /maps/swiper.js.map
[2017-05-19 12:10:35.004] [DEBUG] app - GET /img/logo.png
[2017-05-19 12:10:35.020] [DEBUG] app - GET /img/banner01.jpg
[2017-05-19 12:10:35.021] [DEBUG] app - GET /img/banner02.jpg
[2017-05-19 12:10:35.023] [DEBUG] app - GET /img/banner03.jpg
[2017-05-19 12:10:35.237] [DEBUG] app - GET /img/favicon.ico
[2017-05-19 12:20:41.325] [DEBUG] app - GET /css/bigwoods.ui.mobile.css
[2017-05-19 12:20:41.340] [DEBUG] app - GET /img/logo-index.png
[2017-05-19 12:20:41.341] [DEBUG] app - GET /js/bigwoods.ui.mobile.js
[2017-05-19 12:20:42.199] [DEBUG] app - GET /maps/swiper.js.map
[2017-05-19 12:20:42.204] [DEBUG] app - GET /img/logo.png
[2017-05-19 12:20:42.208] [DEBUG] app - GET /img/banner01.jpg
[2017-05-19 12:20:42.210] [DEBUG] app - GET /img/banner02.jpg
[2017-05-19 12:20:42.223] [DEBUG] app - GET /img/banner03.jpg
[2017-05-19 12:20:42.416] [DEBUG] app - GET /img/favicon.ico
[2017-05-19 12:24:10.271] [DEBUG] app - GET /ca36d5136ffcb8638c30.hot-update.json
[2017-05-19 12:24:11.698] [DEBUG] app - GET /css/bigwoods.ui.mobile.css
[2017-05-19 12:24:11.725] [DEBUG] app - GET /img/logo-index.png
[2017-05-19 12:24:11.737] [DEBUG] app - GET /js/bigwoods.ui.mobile.js
[2017-05-19 12:24:12.037] [DEBUG] app - GET /maps/swiper.js.map
[2017-05-19 12:24:12.055] [DEBUG] app - GET /img/logo.png
[2017-05-19 12:24:12.079] [DEBUG] app - GET /img/banner01.jpg
[2017-05-19 12:24:12.084] [DEBUG] app - GET /img/banner02.jpg
[2017-05-19 12:24:12.089] [DEBUG] app - GET /img/banner03.jpg
[2017-05-19 12:24:12.204] [DEBUG] app - GET /img/favicon.ico
[2017-05-19 12:34:09.348] [DEBUG] app - GET /239602edc44e335dcca8.hot-update.json
[2017-05-19 12:34:10.620] [DEBUG] app - GET /css/bigwoods.ui.mobile.css
[2017-05-19 12:34:10.648] [DEBUG] app - GET /img/logo-index.png
[2017-05-19 12:34:10.650] [DEBUG] app - GET /js/bigwoods.ui.mobile.js
[2017-05-19 12:34:10.927] [DEBUG] app - GET /maps/swiper.js.map
[2017-05-19 12:34:10.935] [DEBUG] app - GET /img/logo.png
[2017-05-19 12:34:10.953] [DEBUG] app - GET /img/banner01.jpg
[2017-05-19 12:34:10.966] [DEBUG] app - GET /img/banner02.jpg
[2017-05-19 12:34:10.967] [DEBUG] app - GET /img/banner03.jpg
[2017-05-19 12:34:11.187] [DEBUG] app - GET /img/favicon.ico
[2017-05-19 12:34:46.258] [DEBUG] app - GET /css/bigwoods.ui.mobile.css
[2017-05-19 12:34:46.276] [DEBUG] app - GET /img/logo-index.png
[2017-05-19 12:34:46.279] [DEBUG] app - GET /js/bigwoods.ui.mobile.js
[2017-05-19 12:34:46.508] [DEBUG] app - GET /maps/swiper.js.map
[2017-05-19 12:34:46.513] [DEBUG] app - GET /img/logo.png
[2017-05-19 12:34:46.523] [DEBUG] app - GET /img/banner01.jpg
[2017-05-19 12:34:46.532] [DEBUG] app - GET /img/banner02.jpg
[2017-05-19 12:34:46.534] [DEBUG] app - GET /img/banner03.jpg
[2017-05-19 12:34:46.750] [DEBUG] app - GET /img/favicon.ico
[2017-05-19 12:35:51.576] [DEBUG] app - GET /css/bigwoods.ui.mobile.css
[2017-05-19 12:35:51.582] [DEBUG] app - GET /img/logo-index.png
[2017-05-19 12:35:51.593] [DEBUG] app - GET /js/bigwoods.ui.mobile.js
[2017-05-19 12:35:52.395] [DEBUG] app - GET /maps/swiper.js.map
[2017-05-19 12:35:52.396] [DEBUG] app - GET /img/logo.png
[2017-05-19 12:35:52.496] [DEBUG] app - GET /img/banner01.jpg
[2017-05-19 12:35:52.497] [DEBUG] app - GET /img/banner02.jpg
[2017-05-19 12:35:52.510] [DEBUG] app - GET /img/banner03.jpg
[2017-05-19 12:35:52.677] [DEBUG] app - GET /img/favicon.ico
[2017-05-19 12:40:21.418] [DEBUG] app - GET /css/bigwoods.ui.mobile.css
[2017-05-19 12:40:21.425] [DEBUG] app - GET /img/logo-index.png
[2017-05-19 12:40:21.433] [DEBUG] app - GET /js/bigwoods.ui.mobile.js
[2017-05-19 12:40:21.782] [DEBUG] app - GET /maps/swiper.js.map
[2017-05-19 12:40:21.790] [DEBUG] app - GET /img/logo.png
[2017-05-19 12:40:21.840] [DEBUG] app - GET /img/banner01.jpg
[2017-05-19 12:40:21.859] [DEBUG] app - GET /img/banner02.jpg
[2017-05-19 12:40:21.874] [DEBUG] app - GET /img/banner03.jpg
[2017-05-19 12:40:22.090] [DEBUG] app - GET /img/favicon.ico
[2017-05-19 12:44:04.439] [DEBUG] app - GET /css/bigwoods.ui.mobile.css
[2017-05-19 12:44:04.455] [DEBUG] app - GET /img/logo-index.png
[2017-05-19 12:44:04.456] [DEBUG] app - GET /js/bigwoods.ui.mobile.js
[2017-05-19 12:44:05.284] [DEBUG] app - GET /maps/swiper.js.map
[2017-05-19 12:44:05.388] [DEBUG] app - GET /img/logo.png
[2017-05-19 12:44:05.389] [DEBUG] app - GET /img/banner01.jpg
[2017-05-19 12:44:05.391] [DEBUG] app - GET /img/banner02.jpg
[2017-05-19 12:44:05.395] [DEBUG] app - GET /img/banner03.jpg
[2017-05-19 12:44:05.590] [DEBUG] app - GET /img/favicon.ico
[2017-05-19 12:46:30.937] [DEBUG] app - GET /css/bigwoods.ui.mobile.css
[2017-05-19 12:46:30.953] [DEBUG] app - GET /img/logo-index.png
[2017-05-19 12:46:30.956] [DEBUG] app - GET /js/bigwoods.ui.mobile.js
[2017-05-19 12:46:31.842] [DEBUG] app - GET /maps/swiper.js.map
[2017-05-19 12:46:31.934] [DEBUG] app - GET /img/logo.png
[2017-05-19 12:46:31.935] [DEBUG] app - GET /img/banner01.jpg
[2017-05-19 12:46:31.937] [DEBUG] app - GET /img/banner02.jpg
[2017-05-19 12:46:31.942] [DEBUG] app - GET /img/banner03.jpg
[2017-05-19 12:46:32.121] [DEBUG] app - GET /img/favicon.ico
[2017-05-19 12:56:53.493] [DEBUG] app - GET /css/bigwoods.ui.mobile.css
[2017-05-19 12:56:53.508] [DEBUG] app - GET /img/logo-index.png
[2017-05-19 12:56:53.516] [DEBUG] app - GET /js/bigwoods.ui.mobile.js
[2017-05-19 12:56:54.508] [DEBUG] app - GET /maps/swiper.js.map
[2017-05-19 12:56:54.510] [DEBUG] app - GET /img/logo.png
[2017-05-19 12:56:54.523] [DEBUG] app - GET /img/banner01.jpg
[2017-05-19 12:56:54.525] [DEBUG] app - GET /img/banner02.jpg
[2017-05-19 12:56:54.539] [DEBUG] app - GET /img/banner03.jpg
[2017-05-19 12:56:54.723] [DEBUG] app - GET /img/favicon.ico
[2017-05-19 12:58:18.141] [DEBUG] app - GET /css/bigwoods.ui.mobile.css
[2017-05-19 12:58:18.152] [DEBUG] app - GET /img/logo-index.png
[2017-05-19 12:58:18.155] [DEBUG] app - GET /js/bigwoods.ui.mobile.js
[2017-05-19 12:58:19.168] [DEBUG] app - GET /maps/swiper.js.map
[2017-05-19 12:58:19.169] [DEBUG] app - GET /img/logo.png
[2017-05-19 12:58:19.184] [DEBUG] app - GET /img/banner01.jpg
[2017-05-19 12:58:19.185] [DEBUG] app - GET /img/banner02.jpg
[2017-05-19 12:58:19.195] [DEBUG] app - GET /img/banner03.jpg
[2017-05-19 12:58:19.383] [DEBUG] app - GET /img/favicon.ico
[2017-05-19 12:58:51.648] [DEBUG] app - GET /css/bigwoods.ui.mobile.css
[2017-05-19 12:58:51.661] [DEBUG] app - GET /img/logo-index.png
[2017-05-19 12:58:51.662] [DEBUG] app - GET /js/bigwoods.ui.mobile.js
[2017-05-19 12:58:52.473] [DEBUG] app - GET /maps/swiper.js.map
[2017-05-19 12:58:52.571] [DEBUG] app - GET /img/logo.png
[2017-05-19 12:58:52.577] [DEBUG] app - GET /img/banner01.jpg
[2017-05-19 12:58:52.586] [DEBUG] app - GET /img/banner02.jpg
[2017-05-19 12:58:52.587] [DEBUG] app - GET /img/banner03.jpg
[2017-05-19 12:58:52.785] [DEBUG] app - GET /img/favicon.ico
[2017-05-19 12:58:52.948] [DEBUG] app - GET /products/getListData
[2017-05-19 12:58:53.002] [DEBUG] app - GET /img/brush/maoshuagun.jpg
[2017-05-19 12:58:53.015] [DEBUG] app - GET /img/brush/futishua.png
[2017-05-19 12:58:53.021] [DEBUG] app - GET /img/brush/moliaosi.jpg
[2017-05-19 12:58:53.028] [DEBUG] app - GET /img/brush/mugongjixieshua.jpg
[2017-05-19 12:58:53.035] [DEBUG] app - GET /img/brush/saolushua.jpg
[2017-05-19 12:58:53.037] [DEBUG] app - GET /img/brush/jiqirensaodishua.jpg
