[2017-05-05 11:46:29.852] [DEBUG] app - GET /img/logo.png
[2017-05-05 11:46:30.028] [DEBUG] app - POST /manage/getProductsType
[2017-05-05 11:46:34.189] [DEBUG] app - GET /img/logo.png
[2017-05-05 11:46:34.294] [DEBUG] app - POST /manage/getProductsType
[2017-05-05 11:51:57.613] [DEBUG] app - GET /img/logo.png
[2017-05-05 11:52:04.127] [DEBUG] app - GET /img/logo.png
[2017-05-05 11:52:20.201] [DEBUG] app - GET /img/logo.png
[2017-05-05 11:53:28.395] [DEBUG] app - GET /img/logo.png
[2017-05-05 11:53:29.689] [DEBUG] app - POST /manage/getProductsType
[2017-05-05 11:55:16.962] [DEBUG] app - GET /img/logo.png
[2017-05-05 11:55:27.851] [DEBUG] app - GET /img/logo.png
[2017-05-05 11:55:30.011] [DEBUG] app - GET /img/logo.png
[2017-05-05 11:55:30.754] [DEBUG] app - POST /manage/getProductsType
[2017-05-05 11:59:03.399] [DEBUG] app - POST /manage/getProductsType
[2017-05-05 11:59:16.385] [DEBUG] app - GET /img/logo.png
[2017-05-05 11:59:16.482] [DEBUG] app - POST /manage/getProductsType
[2017-05-05 13:44:06.499] [DEBUG] app - POST /manage/getProductsType
[2017-05-05 13:54:20.873] [DEBUG] app - GET /img/logo.png
[2017-05-05 13:54:21.020] [DEBUG] app - POST /manage/getProductsType
[2017-05-05 13:54:24.941] [DEBUG] app - POST /manage/uploadImgs
[2017-05-05 13:55:52.073] [DEBUG] app - POST /manage/getProductsType
[2017-05-05 13:55:58.151] [DEBUG] app - GET /img/logo.png
[2017-05-05 13:55:58.245] [DEBUG] app - POST /manage/getProductsType
[2017-05-05 13:56:01.047] [DEBUG] app - POST /manage/uploadImgs
[2017-05-05 13:56:19.403] [DEBUG] app - GET /img/logo.png
[2017-05-05 13:56:19.649] [DEBUG] app - POST /manage/getProductsType
[2017-05-05 13:56:22.481] [DEBUG] app - POST /manage/uploadImgs
[2017-05-05 13:57:42.328] [DEBUG] app - POST /manage/getProductsType
[2017-05-05 13:57:48.390] [DEBUG] app - GET /img/logo.png
[2017-05-05 13:57:48.486] [DEBUG] app - POST /manage/getProductsType
[2017-05-05 13:57:51.656] [DEBUG] app - POST /manage/uploadImgs
[2017-05-05 14:08:22.359] [DEBUG] app - GET /img/logo.png
[2017-05-05 14:08:22.482] [DEBUG] app - POST /manage/getProductsType
[2017-05-05 14:08:24.488] [DEBUG] app - POST /manage/uploadImgs
[2017-05-05 14:08:37.733] [DEBUG] app - POST /manage/getProductsType
[2017-05-05 14:09:03.153] [DEBUG] app - POST /manage/uploadImgs
[2017-05-05 14:10:24.755] [DEBUG] app - POST /manage/getProductsType
[2017-05-05 14:10:39.989] [DEBUG] app - POST /manage/getProductsType
[2017-05-05 14:11:03.971] [DEBUG] app - GET /img/logo.png
[2017-05-05 14:11:04.161] [DEBUG] app - POST /manage/getProductsType
[2017-05-05 14:11:09.567] [DEBUG] app - POST /manage/uploadImgs
[2017-05-05 14:18:12.262] [DEBUG] app - POST /manage/getProductsType
[2017-05-05 14:21:01.243] [DEBUG] app - POST /manage/getProductsType
[2017-05-05 14:21:15.229] [DEBUG] app - POST /manage/getProductsType
[2017-05-05 14:33:04.573] [DEBUG] app - GET /css/bigwoods.ui.mobile.css
[2017-05-05 14:33:04.577] [DEBUG] app - GET /js/bigwoods.ui.mobile.js
[2017-05-05 14:33:04.578] [DEBUG] app - GET /img/logo-index.png
[2017-05-05 14:33:04.900] [DEBUG] app - GET /maps/swiper.js.map
[2017-05-05 14:33:04.933] [DEBUG] app - GET /img/logo.png
[2017-05-05 14:36:44.405] [DEBUG] app - GET /css/bigwoods.ui.mobile.css
[2017-05-05 14:36:44.474] [DEBUG] app - GET /img/logo-index.png
[2017-05-05 14:36:44.477] [DEBUG] app - GET /js/bigwoods.ui.mobile.js
[2017-05-05 14:36:44.877] [DEBUG] app - GET /maps/swiper.js.map
[2017-05-05 14:36:44.914] [DEBUG] app - GET /img/logo.png
[2017-05-05 14:36:45.007] [DEBUG] app - GET /products/getListData
[2017-05-05 14:36:45.023] [DEBUG] app - GET /img/banner01.jpg
[2017-05-05 14:36:45.025] [DEBUG] app - GET /img/banner03.jpg
[2017-05-05 14:36:45.027] [DEBUG] app - GET /img/banner02.jpg
[2017-05-05 14:36:45.097] [DEBUG] app - GET /img/brush/maoshuagun.jpg
[2017-05-05 14:36:45.099] [DEBUG] app - GET /img/brush/futishua.png
[2017-05-05 14:36:45.102] [DEBUG] app - GET /img/brush/moliaosi.jpg
[2017-05-05 14:36:45.121] [DEBUG] app - GET /img/brush/saolushua.jpg
[2017-05-05 14:36:45.122] [DEBUG] app - GET /img/brush/jiqirensaodishua.jpg
[2017-05-05 14:36:45.124] [DEBUG] app - GET /img/brush/mugongjixieshua.jpg
[2017-05-05 14:36:45.299] [DEBUG] app - GET /img/favicon.ico
[2017-05-05 14:36:51.008] [DEBUG] app - POST /products/getDetails
[2017-05-05 14:36:51.024] [DEBUG] app - GET /img/details/details02.jpg
[2017-05-05 14:36:51.029] [DEBUG] app - GET /img/details/details03.jpg
[2017-05-05 14:36:51.033] [DEBUG] app - GET /img/details/details01.jpg
[2017-05-05 14:46:07.221] [DEBUG] app - GET /css/bigwoods.ui.mobile.css
[2017-05-05 14:46:07.227] [DEBUG] app - GET /img/logo-index.png
[2017-05-05 14:46:07.228] [DEBUG] app - GET /js/bigwoods.ui.mobile.js
[2017-05-05 14:46:07.844] [DEBUG] app - GET /maps/swiper.js.map
[2017-05-05 14:46:07.925] [DEBUG] app - GET /img/logo.png
[2017-05-05 14:46:07.980] [DEBUG] app - GET /img/banner01.jpg
[2017-05-05 14:46:07.983] [DEBUG] app - GET /img/banner02.jpg
[2017-05-05 14:46:07.984] [DEBUG] app - GET /img/banner03.jpg
[2017-05-05 14:46:08.102] [DEBUG] app - GET /products/getListData
[2017-05-05 14:46:08.216] [DEBUG] app - GET /img/brush/maoshuagun.jpg
[2017-05-05 14:46:08.218] [DEBUG] app - GET /img/brush/futishua.png
[2017-05-05 14:46:08.231] [DEBUG] app - GET /img/brush/moliaosi.jpg
[2017-05-05 14:46:08.238] [DEBUG] app - GET /img/brush/mugongjixieshua.jpg
[2017-05-05 14:46:08.254] [DEBUG] app - GET /img/brush/saolushua.jpg
[2017-05-05 14:46:08.261] [DEBUG] app - GET /img/brush/jiqirensaodishua.jpg
[2017-05-05 14:46:08.524] [DEBUG] app - GET /img/favicon.ico
[2017-05-05 14:46:28.969] [DEBUG] app - POST /products/getDetails
[2017-05-05 14:46:29.051] [DEBUG] app - GET /img/carousel/002/1493890651311.jpeg
[2017-05-05 14:46:29.151] [DEBUG] app - GET /img/carousel/002/1493890656032.jpeg
[2017-05-05 14:46:46.151] [DEBUG] app - GET /products/getListData
[2017-05-05 14:47:07.133] [DEBUG] app - GET /img/carousel/002/1493890656032.jpeg
[2017-05-05 14:47:07.284] [DEBUG] app - GET /img/carousel/002/1493890651311.jpeg
[2017-05-05 14:47:14.714] [DEBUG] app - GET /css/bigwoods.ui.mobile.css
[2017-05-05 14:47:14.719] [DEBUG] app - GET /img/logo-index.png
[2017-05-05 14:47:14.721] [DEBUG] app - GET /js/bigwoods.ui.mobile.js
[2017-05-05 14:47:15.182] [DEBUG] app - GET /maps/swiper.js.map
[2017-05-05 14:47:15.208] [DEBUG] app - GET /img/logo.png
[2017-05-05 14:47:15.251] [DEBUG] app - GET /img/banner01.jpg
[2017-05-05 14:47:15.254] [DEBUG] app - GET /img/banner02.jpg
[2017-05-05 14:47:15.256] [DEBUG] app - GET /img/banner03.jpg
[2017-05-05 14:47:15.286] [DEBUG] app - GET /products/getListData
[2017-05-05 14:47:15.400] [DEBUG] app - GET /img/brush/maoshuagun.jpg
[2017-05-05 14:47:15.410] [DEBUG] app - GET /img/brush/futishua.png
[2017-05-05 14:47:15.414] [DEBUG] app - GET /img/brush/moliaosi.jpg
[2017-05-05 14:47:15.417] [DEBUG] app - GET /img/brush/mugongjixieshua.jpg
[2017-05-05 14:47:15.420] [DEBUG] app - GET /img/brush/saolushua.jpg
[2017-05-05 14:47:15.424] [DEBUG] app - GET /img/brush/jiqirensaodishua.jpg
[2017-05-05 14:47:15.531] [DEBUG] app - POST /products/getDetails
[2017-05-05 14:47:15.655] [DEBUG] app - GET /img/carousel/002/1493890651311.jpeg
[2017-05-05 14:47:15.655] [DEBUG] app - GET /img/carousel/002/1493890656032.jpeg
[2017-05-05 14:47:15.685] [DEBUG] app - GET /img/favicon.ico
[2017-05-05 14:47:23.532] [DEBUG] app - GET /css/bigwoods.ui.mobile.css
[2017-05-05 14:47:23.534] [DEBUG] app - GET /img/logo-index.png
[2017-05-05 14:47:23.546] [DEBUG] app - GET /js/bigwoods.ui.mobile.js
[2017-05-05 14:47:23.936] [DEBUG] app - GET /maps/swiper.js.map
[2017-05-05 14:47:23.960] [DEBUG] app - GET /img/logo.png
[2017-05-05 14:47:23.996] [DEBUG] app - GET /img/banner01.jpg
[2017-05-05 14:47:23.998] [DEBUG] app - GET /img/banner02.jpg
[2017-05-05 14:47:23.999] [DEBUG] app - GET /img/banner03.jpg
[2017-05-05 14:47:24.035] [DEBUG] app - GET /products/getListData
[2017-05-05 14:47:24.118] [DEBUG] app - GET /img/brush/maoshuagun.jpg
[2017-05-05 14:47:24.122] [DEBUG] app - GET /img/brush/futishua.png
[2017-05-05 14:47:24.131] [DEBUG] app - GET /img/brush/moliaosi.jpg
[2017-05-05 14:47:24.133] [DEBUG] app - GET /img/brush/mugongjixieshua.jpg
[2017-05-05 14:47:24.135] [DEBUG] app - GET /img/brush/saolushua.jpg
[2017-05-05 14:47:24.137] [DEBUG] app - GET /img/brush/jiqirensaodishua.jpg
[2017-05-05 14:47:24.197] [DEBUG] app - POST /products/getDetails
[2017-05-05 14:47:24.348] [DEBUG] app - GET /img/carousel/002/1493890651311.jpeg
[2017-05-05 14:47:24.355] [DEBUG] app - GET /img/carousel/002/1493890656032.jpeg
[2017-05-05 14:47:24.432] [DEBUG] app - GET /img/favicon.ico
[2017-05-05 14:47:25.071] [DEBUG] app - GET /img/carousel/002/1493890651311.jpeg
[2017-05-05 14:47:26.111] [DEBUG] app - GET /img/carousel/002/1493890656032.jpeg
[2017-05-05 14:49:37.917] [DEBUG] app - POST /products/getDetails
[2017-05-05 14:49:42.869] [DEBUG] app - GET /img/logo-index.png
[2017-05-05 14:49:42.869] [DEBUG] app - GET /css/bigwoods.ui.mobile.css
[2017-05-05 14:49:42.874] [DEBUG] app - GET /js/bigwoods.ui.mobile.js
[2017-05-05 14:49:43.277] [DEBUG] app - GET /maps/swiper.js.map
[2017-05-05 14:49:43.304] [DEBUG] app - GET /img/logo.png
[2017-05-05 14:49:43.334] [DEBUG] app - GET /img/banner01.jpg
[2017-05-05 14:49:43.335] [DEBUG] app - GET /img/banner02.jpg
[2017-05-05 14:49:43.338] [DEBUG] app - GET /img/banner03.jpg
[2017-05-05 14:49:43.367] [DEBUG] app - GET /products/getListData
[2017-05-05 14:49:43.464] [DEBUG] app - GET /img/brush/maoshuagun.jpg
[2017-05-05 14:49:43.472] [DEBUG] app - GET /img/brush/futishua.png
[2017-05-05 14:49:43.473] [DEBUG] app - GET /img/brush/moliaosi.jpg
[2017-05-05 14:49:43.474] [DEBUG] app - GET /img/brush/mugongjixieshua.jpg
[2017-05-05 14:49:43.475] [DEBUG] app - GET /img/brush/saolushua.jpg
[2017-05-05 14:49:43.476] [DEBUG] app - GET /img/brush/jiqirensaodishua.jpg
[2017-05-05 14:49:43.520] [DEBUG] app - POST /products/getDetails
[2017-05-05 14:49:43.668] [DEBUG] app - GET /img/carousel/002/1493890651311.jpeg
[2017-05-05 14:49:43.671] [DEBUG] app - GET /img/carousel/002/1493890656032.jpeg
[2017-05-05 14:49:43.745] [DEBUG] app - GET /img/favicon.ico
[2017-05-05 14:50:00.821] [DEBUG] app - POST /products/getDetails
[2017-05-05 14:51:55.513] [DEBUG] app - POST /products/getDetails
[2017-05-05 17:17:27.067] [DEBUG] app - GET /css/bigwoods.ui.mobile.css
[2017-05-05 17:17:27.075] [DEBUG] app - GET /img/logo-index.png
[2017-05-05 17:17:27.075] [DEBUG] app - GET /js/bigwoods.ui.mobile.js
[2017-05-05 17:17:28.455] [DEBUG] app - GET /maps/swiper.js.map
[2017-05-05 17:17:28.458] [DEBUG] app - GET /img/logo.png
[2017-05-05 17:17:28.469] [DEBUG] app - GET /img/banner01.jpg
[2017-05-05 17:17:28.469] [DEBUG] app - GET /img/banner02.jpg
[2017-05-05 17:17:28.935] [DEBUG] app - GET /img/banner03.jpg
[2017-05-05 17:17:29.024] [DEBUG] app - GET /products/getListData
[2017-05-05 17:17:29.181] [DEBUG] app - POST /products/getDetails
[2017-05-05 17:17:29.192] [DEBUG] app - GET /img/brush/maoshuagun.jpg
[2017-05-05 17:17:29.193] [DEBUG] app - GET /img/brush/futishua.png
[2017-05-05 17:17:29.211] [DEBUG] app - GET /img/favicon.ico
[2017-05-05 17:17:29.214] [DEBUG] app - GET /img/brush/moliaosi.jpg
[2017-05-05 17:17:29.226] [DEBUG] app - GET /img/brush/mugongjixieshua.jpg
[2017-05-05 17:17:29.229] [DEBUG] app - GET /img/brush/saolushua.jpg
[2017-05-05 17:17:29.235] [DEBUG] app - GET /img/brush/jiqirensaodishua.jpg
[2017-05-05 17:17:29.236] [DEBUG] app - GET /img/carousel/002/1493890651311.jpeg
[2017-05-05 17:17:29.236] [DEBUG] app - GET /img/carousel/002/1493890656032.jpeg
[2017-05-05 17:18:29.371] [DEBUG] app - GET /img/logo.png
[2017-05-05 17:18:29.583] [DEBUG] app - POST /manage/getProductsType
[2017-05-05 17:20:54.797] [DEBUG] app - GET /img/logo.png
[2017-05-05 17:20:55.026] [DEBUG] app - POST /manage/getProductsType
[2017-05-05 17:30:52.474] [DEBUG] app - GET /img/logo.png
[2017-05-05 17:30:52.625] [DEBUG] app - POST /manage/getProductsType
[2017-05-05 17:30:55.034] [DEBUG] app - POST /manage/uploadImgs
[2017-05-05 17:34:42.027] [DEBUG] app - GET /img/logo.png
[2017-05-05 17:34:53.173] [DEBUG] app - POST /manage/getProductsType
[2017-05-05 17:36:15.906] [DEBUG] app - GET /img/logo.png
[2017-05-05 17:36:16.092] [DEBUG] app - POST /manage/getProductsType
[2017-05-05 17:36:40.151] [DEBUG] app - POST /manage/uploadImgs
[2017-05-05 17:36:40.152] [INFO] acceptUpload.js - start move to /005 [sync]
[2017-05-05 17:36:51.836] [DEBUG] app - POST /manage/uploadImgs
[2017-05-05 17:36:51.837] [INFO] acceptUpload.js - start move to /005 [sync]
